2025-03-08 09:15:59:INFO:Starting training...
2025-03-08 09:15:59:INFO:Loaded Stocks Data Shape: (30, 6288, 6)
2025-03-08 09:15:59:INFO:Loaded Rate of Return Data Shape: (30, 6288)
2025-03-08 09:16:01:INFO:Epoch 1/1500 completed.
2025-03-08 09:16:01:INFO:Epoch 2/1500 completed.
2025-03-08 09:16:01:INFO:Epoch 3/1500 completed.
2025-03-08 09:16:01:INFO:Epoch 4/1500 completed.
2025-03-08 09:16:01:INFO:Epoch 5/1500 completed.
2025-03-08 09:16:01:INFO:Epoch 6/1500 completed.
2025-03-08 09:16:01:INFO:Epoch 7/1500 completed.
2025-03-08 09:16:01:INFO:Epoch 8/1500 completed.
2025-03-08 09:16:01:INFO:Epoch 9/1500 completed.
2025-03-08 09:16:01:INFO:Epoch 10/1500 completed.
2025-03-08 09:16:01:INFO:Epoch 11/1500 completed.
2025-03-08 09:16:01:INFO:Epoch 12/1500 completed.
2025-03-08 09:16:01:INFO:Epoch 13/1500 completed.
2025-03-08 09:16:01:INFO:Epoch 14/1500 completed.
2025-03-08 09:16:01:INFO:Epoch 15/1500 completed.
2025-03-08 09:16:01:INFO:Epoch 16/1500 completed.
2025-03-08 09:16:01:INFO:Epoch 17/1500 completed.
2025-03-08 09:16:01:INFO:Epoch 18/1500 completed.
2025-03-08 09:16:01:INFO:Epoch 19/1500 completed.
2025-03-08 09:16:01:INFO:Epoch 20/1500 completed.
2025-03-08 09:16:01:INFO:Epoch 21/1500 completed.
2025-03-08 09:16:01:INFO:Epoch 22/1500 completed.
2025-03-08 09:16:01:INFO:Epoch 23/1500 completed.
2025-03-08 09:16:01:INFO:Epoch 24/1500 completed.
2025-03-08 09:16:01:INFO:Epoch 25/1500 completed.
2025-03-08 09:16:01:INFO:Epoch 26/1500 completed.
2025-03-08 09:16:01:INFO:Epoch 27/1500 completed.
2025-03-08 09:16:01:INFO:Epoch 28/1500 completed.
2025-03-08 09:16:01:INFO:Epoch 29/1500 completed.
2025-03-08 09:16:01:INFO:Epoch 30/1500 completed.
2025-03-08 09:16:01:INFO:Epoch 31/1500 completed.
2025-03-08 09:16:01:INFO:Epoch 32/1500 completed.
2025-03-08 09:16:01:INFO:Epoch 33/1500 completed.
2025-03-08 09:16:01:INFO:Epoch 34/1500 completed.
2025-03-08 09:16:01:INFO:Epoch 35/1500 completed.
2025-03-08 09:16:01:INFO:Epoch 36/1500 completed.
2025-03-08 09:16:01:INFO:Epoch 37/1500 completed.
2025-03-08 09:16:01:INFO:Epoch 38/1500 completed.
2025-03-08 09:16:01:INFO:Epoch 39/1500 completed.
2025-03-08 09:16:01:INFO:Epoch 40/1500 completed.
2025-03-08 09:16:01:INFO:Epoch 41/1500 completed.
2025-03-08 09:16:01:INFO:Epoch 42/1500 completed.
2025-03-08 09:16:01:INFO:Epoch 43/1500 completed.
2025-03-08 09:16:01:INFO:Epoch 44/1500 completed.
2025-03-08 09:16:01:INFO:Epoch 45/1500 completed.
2025-03-08 09:16:01:INFO:Epoch 46/1500 completed.
2025-03-08 09:16:01:INFO:Epoch 47/1500 completed.
2025-03-08 09:16:01:INFO:Epoch 48/1500 completed.
2025-03-08 09:16:01:INFO:Epoch 49/1500 completed.
2025-03-08 09:16:01:INFO:Epoch 50/1500 completed.
2025-03-08 09:16:01:INFO:Epoch 51/1500 completed.
2025-03-08 09:16:01:INFO:Epoch 52/1500 completed.
2025-03-08 09:16:01:INFO:Epoch 53/1500 completed.
2025-03-08 09:16:01:INFO:Epoch 54/1500 completed.
2025-03-08 09:16:01:INFO:Epoch 55/1500 completed.
2025-03-08 09:16:01:INFO:Epoch 56/1500 completed.
2025-03-08 09:16:01:INFO:Epoch 57/1500 completed.
2025-03-08 09:16:01:INFO:Epoch 58/1500 completed.
2025-03-08 09:16:01:INFO:Epoch 59/1500 completed.
2025-03-08 09:16:01:INFO:Epoch 60/1500 completed.
2025-03-08 09:16:01:INFO:Epoch 61/1500 completed.
2025-03-08 09:16:01:INFO:Epoch 62/1500 completed.
2025-03-08 09:16:01:INFO:Epoch 63/1500 completed.
2025-03-08 09:16:01:INFO:Epoch 64/1500 completed.
2025-03-08 09:16:01:INFO:Epoch 65/1500 completed.
2025-03-08 09:16:01:INFO:Epoch 66/1500 completed.
2025-03-08 09:16:01:INFO:Epoch 67/1500 completed.
2025-03-08 09:16:01:INFO:Epoch 68/1500 completed.
2025-03-08 09:16:01:INFO:Epoch 69/1500 completed.
2025-03-08 09:16:01:INFO:Epoch 70/1500 completed.
2025-03-08 09:16:01:INFO:Epoch 71/1500 completed.
2025-03-08 09:16:01:INFO:Epoch 72/1500 completed.
2025-03-08 09:16:01:INFO:Epoch 73/1500 completed.
2025-03-08 09:16:01:INFO:Epoch 74/1500 completed.
2025-03-08 09:16:01:INFO:Epoch 75/1500 completed.
2025-03-08 09:16:01:INFO:Epoch 76/1500 completed.
2025-03-08 09:16:01:INFO:Epoch 77/1500 completed.
2025-03-08 09:16:01:INFO:Epoch 78/1500 completed.
2025-03-08 09:16:01:INFO:Epoch 79/1500 completed.
2025-03-08 09:16:01:INFO:Epoch 80/1500 completed.
2025-03-08 09:16:01:INFO:Epoch 81/1500 completed.
2025-03-08 09:16:01:INFO:Epoch 82/1500 completed.
2025-03-08 09:16:01:INFO:Epoch 83/1500 completed.
2025-03-08 09:16:01:INFO:Epoch 84/1500 completed.
2025-03-08 09:16:01:INFO:Epoch 85/1500 completed.
2025-03-08 09:16:01:INFO:Epoch 86/1500 completed.
2025-03-08 09:16:01:INFO:Epoch 87/1500 completed.
2025-03-08 09:16:01:INFO:Epoch 88/1500 completed.
2025-03-08 09:16:01:INFO:Epoch 89/1500 completed.
2025-03-08 09:16:01:INFO:Epoch 90/1500 completed.
2025-03-08 09:16:01:INFO:Epoch 91/1500 completed.
2025-03-08 09:16:01:INFO:Epoch 92/1500 completed.
2025-03-08 09:16:01:INFO:Epoch 93/1500 completed.
2025-03-08 09:16:01:INFO:Epoch 94/1500 completed.
2025-03-08 09:16:01:INFO:Epoch 95/1500 completed.
2025-03-08 09:16:01:INFO:Epoch 96/1500 completed.
2025-03-08 09:16:01:INFO:Epoch 97/1500 completed.
2025-03-08 09:16:01:INFO:Epoch 98/1500 completed.
2025-03-08 09:16:01:INFO:Epoch 99/1500 completed.
2025-03-08 09:16:01:INFO:Epoch 100/1500 completed.
2025-03-08 09:16:01:INFO:Epoch 101/1500 completed.
2025-03-08 09:16:01:INFO:Epoch 102/1500 completed.
2025-03-08 09:16:01:INFO:Epoch 103/1500 completed.
2025-03-08 09:16:01:INFO:Epoch 104/1500 completed.
2025-03-08 09:16:01:INFO:Epoch 105/1500 completed.
2025-03-08 09:16:01:INFO:Epoch 106/1500 completed.
2025-03-08 09:16:01:INFO:Epoch 107/1500 completed.
2025-03-08 09:16:01:INFO:Epoch 108/1500 completed.
2025-03-08 09:16:01:INFO:Epoch 109/1500 completed.
2025-03-08 09:16:01:INFO:Epoch 110/1500 completed.
2025-03-08 09:16:01:INFO:Epoch 111/1500 completed.
2025-03-08 09:16:01:INFO:Epoch 112/1500 completed.
2025-03-08 09:16:01:INFO:Epoch 113/1500 completed.
2025-03-08 09:16:01:INFO:Epoch 114/1500 completed.
2025-03-08 09:16:01:INFO:Epoch 115/1500 completed.
2025-03-08 09:16:01:INFO:Epoch 116/1500 completed.
2025-03-08 09:16:01:INFO:Epoch 117/1500 completed.
2025-03-08 09:16:01:INFO:Epoch 118/1500 completed.
2025-03-08 09:16:01:INFO:Epoch 119/1500 completed.
2025-03-08 09:16:01:INFO:Epoch 120/1500 completed.
2025-03-08 09:16:01:INFO:Epoch 121/1500 completed.
2025-03-08 09:16:01:INFO:Epoch 122/1500 completed.
2025-03-08 09:16:01:INFO:Epoch 123/1500 completed.
2025-03-08 09:16:01:INFO:Epoch 124/1500 completed.
2025-03-08 09:16:01:INFO:Epoch 125/1500 completed.
2025-03-08 09:16:01:INFO:Epoch 126/1500 completed.
2025-03-08 09:16:01:INFO:Epoch 127/1500 completed.
2025-03-08 09:16:01:INFO:Epoch 128/1500 completed.
2025-03-08 09:16:01:INFO:Epoch 129/1500 completed.
2025-03-08 09:16:01:INFO:Epoch 130/1500 completed.
2025-03-08 09:16:01:INFO:Epoch 131/1500 completed.
2025-03-08 09:16:01:INFO:Epoch 132/1500 completed.
2025-03-08 09:16:01:INFO:Epoch 133/1500 completed.
2025-03-08 09:16:01:INFO:Epoch 134/1500 completed.
2025-03-08 09:16:01:INFO:Epoch 135/1500 completed.
2025-03-08 09:16:01:INFO:Epoch 136/1500 completed.
2025-03-08 09:16:01:INFO:Epoch 137/1500 completed.
2025-03-08 09:16:01:INFO:Epoch 138/1500 completed.
2025-03-08 09:16:01:INFO:Epoch 139/1500 completed.
2025-03-08 09:16:01:INFO:Epoch 140/1500 completed.
2025-03-08 09:16:01:INFO:Epoch 141/1500 completed.
2025-03-08 09:16:01:INFO:Epoch 142/1500 completed.
2025-03-08 09:16:01:INFO:Epoch 143/1500 completed.
2025-03-08 09:16:01:INFO:Epoch 144/1500 completed.
2025-03-08 09:16:01:INFO:Epoch 145/1500 completed.
2025-03-08 09:16:01:INFO:Epoch 146/1500 completed.
2025-03-08 09:16:01:INFO:Epoch 147/1500 completed.
2025-03-08 09:16:01:INFO:Epoch 148/1500 completed.
2025-03-08 09:16:01:INFO:Epoch 149/1500 completed.
2025-03-08 09:16:01:INFO:Epoch 150/1500 completed.
2025-03-08 09:16:01:INFO:Epoch 151/1500 completed.
2025-03-08 09:16:01:INFO:Epoch 152/1500 completed.
2025-03-08 09:16:01:INFO:Epoch 153/1500 completed.
2025-03-08 09:16:01:INFO:Epoch 154/1500 completed.
2025-03-08 09:16:01:INFO:Epoch 155/1500 completed.
2025-03-08 09:16:01:INFO:Epoch 156/1500 completed.
2025-03-08 09:16:01:INFO:Epoch 157/1500 completed.
2025-03-08 09:16:01:INFO:Epoch 158/1500 completed.
2025-03-08 09:16:01:INFO:Epoch 159/1500 completed.
2025-03-08 09:16:01:INFO:Epoch 160/1500 completed.
2025-03-08 09:16:01:INFO:Epoch 161/1500 completed.
2025-03-08 09:16:01:INFO:Epoch 162/1500 completed.
2025-03-08 09:16:01:INFO:Epoch 163/1500 completed.
2025-03-08 09:16:01:INFO:Epoch 164/1500 completed.
2025-03-08 09:16:01:INFO:Epoch 165/1500 completed.
2025-03-08 09:16:01:INFO:Epoch 166/1500 completed.
2025-03-08 09:16:01:INFO:Epoch 167/1500 completed.
2025-03-08 09:16:01:INFO:Epoch 168/1500 completed.
2025-03-08 09:16:01:INFO:Epoch 169/1500 completed.
2025-03-08 09:16:01:INFO:Epoch 170/1500 completed.
2025-03-08 09:16:01:INFO:Epoch 171/1500 completed.
2025-03-08 09:16:01:INFO:Epoch 172/1500 completed.
2025-03-08 09:16:01:INFO:Epoch 173/1500 completed.
2025-03-08 09:16:01:INFO:Epoch 174/1500 completed.
2025-03-08 09:16:01:INFO:Epoch 175/1500 completed.
2025-03-08 09:16:01:INFO:Epoch 176/1500 completed.
2025-03-08 09:16:01:INFO:Epoch 177/1500 completed.
2025-03-08 09:16:01:INFO:Epoch 178/1500 completed.
2025-03-08 09:16:01:INFO:Epoch 179/1500 completed.
2025-03-08 09:16:01:INFO:Epoch 180/1500 completed.
2025-03-08 09:16:01:INFO:Epoch 181/1500 completed.
2025-03-08 09:16:01:INFO:Epoch 182/1500 completed.
2025-03-08 09:16:01:INFO:Epoch 183/1500 completed.
2025-03-08 09:16:01:INFO:Epoch 184/1500 completed.
2025-03-08 09:16:01:INFO:Epoch 185/1500 completed.
2025-03-08 09:16:01:INFO:Epoch 186/1500 completed.
2025-03-08 09:16:01:INFO:Epoch 187/1500 completed.
2025-03-08 09:16:01:INFO:Epoch 188/1500 completed.
2025-03-08 09:16:01:INFO:Epoch 189/1500 completed.
2025-03-08 09:16:01:INFO:Epoch 190/1500 completed.
2025-03-08 09:16:01:INFO:Epoch 191/1500 completed.
2025-03-08 09:16:01:INFO:Epoch 192/1500 completed.
2025-03-08 09:16:01:INFO:Epoch 193/1500 completed.
2025-03-08 09:16:01:INFO:Epoch 194/1500 completed.
2025-03-08 09:16:01:INFO:Epoch 195/1500 completed.
2025-03-08 09:16:01:INFO:Epoch 196/1500 completed.
2025-03-08 09:16:01:INFO:Epoch 197/1500 completed.
2025-03-08 09:16:01:INFO:Epoch 198/1500 completed.
2025-03-08 09:16:01:INFO:Epoch 199/1500 completed.
2025-03-08 09:16:01:INFO:Epoch 200/1500 completed.
2025-03-08 09:16:01:INFO:Epoch 201/1500 completed.
2025-03-08 09:16:01:INFO:Epoch 202/1500 completed.
2025-03-08 09:16:01:INFO:Epoch 203/1500 completed.
2025-03-08 09:16:01:INFO:Epoch 204/1500 completed.
2025-03-08 09:16:01:INFO:Epoch 205/1500 completed.
2025-03-08 09:16:01:INFO:Epoch 206/1500 completed.
2025-03-08 09:16:01:INFO:Epoch 207/1500 completed.
2025-03-08 09:16:01:INFO:Epoch 208/1500 completed.
2025-03-08 09:16:01:INFO:Epoch 209/1500 completed.
2025-03-08 09:16:01:INFO:Epoch 210/1500 completed.
2025-03-08 09:16:01:INFO:Epoch 211/1500 completed.
2025-03-08 09:16:01:INFO:Epoch 212/1500 completed.
2025-03-08 09:16:01:INFO:Epoch 213/1500 completed.
2025-03-08 09:16:01:INFO:Epoch 214/1500 completed.
2025-03-08 09:16:01:INFO:Epoch 215/1500 completed.
2025-03-08 09:16:01:INFO:Epoch 216/1500 completed.
2025-03-08 09:16:01:INFO:Epoch 217/1500 completed.
2025-03-08 09:16:01:INFO:Epoch 218/1500 completed.
2025-03-08 09:16:01:INFO:Epoch 219/1500 completed.
2025-03-08 09:16:01:INFO:Epoch 220/1500 completed.
2025-03-08 09:16:01:INFO:Epoch 221/1500 completed.
2025-03-08 09:16:01:INFO:Epoch 222/1500 completed.
2025-03-08 09:16:01:INFO:Epoch 223/1500 completed.
2025-03-08 09:16:01:INFO:Epoch 224/1500 completed.
2025-03-08 09:16:01:INFO:Epoch 225/1500 completed.
2025-03-08 09:16:01:INFO:Epoch 226/1500 completed.
2025-03-08 09:16:01:INFO:Epoch 227/1500 completed.
2025-03-08 09:16:01:INFO:Epoch 228/1500 completed.
2025-03-08 09:16:01:INFO:Epoch 229/1500 completed.
2025-03-08 09:16:01:INFO:Epoch 230/1500 completed.
2025-03-08 09:16:01:INFO:Epoch 231/1500 completed.
2025-03-08 09:16:01:INFO:Epoch 232/1500 completed.
2025-03-08 09:16:01:INFO:Epoch 233/1500 completed.
2025-03-08 09:16:01:INFO:Epoch 234/1500 completed.
2025-03-08 09:16:01:INFO:Epoch 235/1500 completed.
2025-03-08 09:16:01:INFO:Epoch 236/1500 completed.
2025-03-08 09:16:01:INFO:Epoch 237/1500 completed.
2025-03-08 09:16:01:INFO:Epoch 238/1500 completed.
2025-03-08 09:16:01:INFO:Epoch 239/1500 completed.
2025-03-08 09:16:01:INFO:Epoch 240/1500 completed.
2025-03-08 09:16:01:INFO:Epoch 241/1500 completed.
2025-03-08 09:16:01:INFO:Epoch 242/1500 completed.
2025-03-08 09:16:01:INFO:Epoch 243/1500 completed.
2025-03-08 09:16:01:INFO:Epoch 244/1500 completed.
2025-03-08 09:16:01:INFO:Epoch 245/1500 completed.
2025-03-08 09:16:01:INFO:Epoch 246/1500 completed.
2025-03-08 09:16:01:INFO:Epoch 247/1500 completed.
2025-03-08 09:16:01:INFO:Epoch 248/1500 completed.
2025-03-08 09:16:01:INFO:Epoch 249/1500 completed.
2025-03-08 09:16:01:INFO:Epoch 250/1500 completed.
2025-03-08 09:16:01:INFO:Epoch 251/1500 completed.
2025-03-08 09:16:01:INFO:Epoch 252/1500 completed.
2025-03-08 09:16:01:INFO:Epoch 253/1500 completed.
2025-03-08 09:16:01:INFO:Epoch 254/1500 completed.
2025-03-08 09:16:01:INFO:Epoch 255/1500 completed.
2025-03-08 09:16:01:INFO:Epoch 256/1500 completed.
2025-03-08 09:16:01:INFO:Epoch 257/1500 completed.
2025-03-08 09:16:01:INFO:Epoch 258/1500 completed.
2025-03-08 09:16:01:INFO:Epoch 259/1500 completed.
2025-03-08 09:16:01:INFO:Epoch 260/1500 completed.
2025-03-08 09:16:01:INFO:Epoch 261/1500 completed.
2025-03-08 09:16:01:INFO:Epoch 262/1500 completed.
2025-03-08 09:16:01:INFO:Epoch 263/1500 completed.
2025-03-08 09:16:01:INFO:Epoch 264/1500 completed.
2025-03-08 09:16:01:INFO:Epoch 265/1500 completed.
2025-03-08 09:16:01:INFO:Epoch 266/1500 completed.
2025-03-08 09:16:01:INFO:Epoch 267/1500 completed.
2025-03-08 09:16:01:INFO:Epoch 268/1500 completed.
2025-03-08 09:16:01:INFO:Epoch 269/1500 completed.
2025-03-08 09:16:01:INFO:Epoch 270/1500 completed.
2025-03-08 09:16:01:INFO:Epoch 271/1500 completed.
2025-03-08 09:16:01:INFO:Epoch 272/1500 completed.
2025-03-08 09:16:01:INFO:Epoch 273/1500 completed.
2025-03-08 09:16:01:INFO:Epoch 274/1500 completed.
2025-03-08 09:16:01:INFO:Epoch 275/1500 completed.
2025-03-08 09:16:01:INFO:Epoch 276/1500 completed.
2025-03-08 09:16:01:INFO:Epoch 277/1500 completed.
2025-03-08 09:16:01:INFO:Epoch 278/1500 completed.
2025-03-08 09:16:01:INFO:Epoch 279/1500 completed.
2025-03-08 09:16:01:INFO:Epoch 280/1500 completed.
2025-03-08 09:16:01:INFO:Epoch 281/1500 completed.
2025-03-08 09:16:01:INFO:Epoch 282/1500 completed.
2025-03-08 09:16:01:INFO:Epoch 283/1500 completed.
2025-03-08 09:16:01:INFO:Epoch 284/1500 completed.
2025-03-08 09:16:01:INFO:Epoch 285/1500 completed.
2025-03-08 09:16:01:INFO:Epoch 286/1500 completed.
2025-03-08 09:16:01:INFO:Epoch 287/1500 completed.
2025-03-08 09:16:01:INFO:Epoch 288/1500 completed.
2025-03-08 09:16:01:INFO:Epoch 289/1500 completed.
2025-03-08 09:16:01:INFO:Epoch 290/1500 completed.
2025-03-08 09:16:01:INFO:Epoch 291/1500 completed.
2025-03-08 09:16:01:INFO:Epoch 292/1500 completed.
2025-03-08 09:16:01:INFO:Epoch 293/1500 completed.
2025-03-08 09:16:01:INFO:Epoch 294/1500 completed.
2025-03-08 09:16:01:INFO:Epoch 295/1500 completed.
2025-03-08 09:16:01:INFO:Epoch 296/1500 completed.
2025-03-08 09:16:01:INFO:Epoch 297/1500 completed.
2025-03-08 09:16:01:INFO:Epoch 298/1500 completed.
2025-03-08 09:16:01:INFO:Epoch 299/1500 completed.
2025-03-08 09:16:01:INFO:Epoch 300/1500 completed.
2025-03-08 09:16:01:INFO:Epoch 301/1500 completed.
2025-03-08 09:16:01:INFO:Epoch 302/1500 completed.
2025-03-08 09:16:01:INFO:Epoch 303/1500 completed.
2025-03-08 09:16:01:INFO:Epoch 304/1500 completed.
2025-03-08 09:16:01:INFO:Epoch 305/1500 completed.
2025-03-08 09:16:01:INFO:Epoch 306/1500 completed.
2025-03-08 09:16:01:INFO:Epoch 307/1500 completed.
2025-03-08 09:16:01:INFO:Epoch 308/1500 completed.
2025-03-08 09:16:01:INFO:Epoch 309/1500 completed.
2025-03-08 09:16:01:INFO:Epoch 310/1500 completed.
2025-03-08 09:16:01:INFO:Epoch 311/1500 completed.
2025-03-08 09:16:01:INFO:Epoch 312/1500 completed.
2025-03-08 09:16:01:INFO:Epoch 313/1500 completed.
2025-03-08 09:16:01:INFO:Epoch 314/1500 completed.
2025-03-08 09:16:01:INFO:Epoch 315/1500 completed.
2025-03-08 09:16:01:INFO:Epoch 316/1500 completed.
2025-03-08 09:16:01:INFO:Epoch 317/1500 completed.
2025-03-08 09:16:01:INFO:Epoch 318/1500 completed.
2025-03-08 09:16:01:INFO:Epoch 319/1500 completed.
2025-03-08 09:16:01:INFO:Epoch 320/1500 completed.
2025-03-08 09:16:01:INFO:Epoch 321/1500 completed.
2025-03-08 09:16:01:INFO:Epoch 322/1500 completed.
2025-03-08 09:16:01:INFO:Epoch 323/1500 completed.
2025-03-08 09:16:01:INFO:Epoch 324/1500 completed.
2025-03-08 09:16:01:INFO:Epoch 325/1500 completed.
2025-03-08 09:16:01:INFO:Epoch 326/1500 completed.
2025-03-08 09:16:01:INFO:Epoch 327/1500 completed.
2025-03-08 09:16:01:INFO:Epoch 328/1500 completed.
2025-03-08 09:16:01:INFO:Epoch 329/1500 completed.
2025-03-08 09:16:01:INFO:Epoch 330/1500 completed.
2025-03-08 09:16:01:INFO:Epoch 331/1500 completed.
2025-03-08 09:16:01:INFO:Epoch 332/1500 completed.
2025-03-08 09:16:01:INFO:Epoch 333/1500 completed.
2025-03-08 09:16:01:INFO:Epoch 334/1500 completed.
2025-03-08 09:16:01:INFO:Epoch 335/1500 completed.
2025-03-08 09:16:01:INFO:Epoch 336/1500 completed.
2025-03-08 09:16:01:INFO:Epoch 337/1500 completed.
2025-03-08 09:16:01:INFO:Epoch 338/1500 completed.
2025-03-08 09:16:01:INFO:Epoch 339/1500 completed.
2025-03-08 09:16:01:INFO:Epoch 340/1500 completed.
2025-03-08 09:16:01:INFO:Epoch 341/1500 completed.
2025-03-08 09:16:01:INFO:Epoch 342/1500 completed.
2025-03-08 09:16:01:INFO:Epoch 343/1500 completed.
2025-03-08 09:16:01:INFO:Epoch 344/1500 completed.
2025-03-08 09:16:01:INFO:Epoch 345/1500 completed.
2025-03-08 09:16:01:INFO:Epoch 346/1500 completed.
2025-03-08 09:16:01:INFO:Epoch 347/1500 completed.
2025-03-08 09:16:01:INFO:Epoch 348/1500 completed.
2025-03-08 09:16:01:INFO:Epoch 349/1500 completed.
2025-03-08 09:16:01:INFO:Epoch 350/1500 completed.
2025-03-08 09:16:01:INFO:Epoch 351/1500 completed.
2025-03-08 09:16:01:INFO:Epoch 352/1500 completed.
2025-03-08 09:16:01:INFO:Epoch 353/1500 completed.
2025-03-08 09:16:01:INFO:Epoch 354/1500 completed.
2025-03-08 09:16:01:INFO:Epoch 355/1500 completed.
2025-03-08 09:16:01:INFO:Epoch 356/1500 completed.
2025-03-08 09:16:01:INFO:Epoch 357/1500 completed.
2025-03-08 09:16:01:INFO:Epoch 358/1500 completed.
2025-03-08 09:16:01:INFO:Epoch 359/1500 completed.
2025-03-08 09:16:01:INFO:Epoch 360/1500 completed.
2025-03-08 09:16:01:INFO:Epoch 361/1500 completed.
2025-03-08 09:16:01:INFO:Epoch 362/1500 completed.
2025-03-08 09:16:01:INFO:Epoch 363/1500 completed.
2025-03-08 09:16:01:INFO:Epoch 364/1500 completed.
2025-03-08 09:16:01:INFO:Epoch 365/1500 completed.
2025-03-08 09:16:01:INFO:Epoch 366/1500 completed.
2025-03-08 09:16:01:INFO:Epoch 367/1500 completed.
2025-03-08 09:16:01:INFO:Epoch 368/1500 completed.
2025-03-08 09:16:01:INFO:Epoch 369/1500 completed.
2025-03-08 09:16:01:INFO:Epoch 370/1500 completed.
2025-03-08 09:16:01:INFO:Epoch 371/1500 completed.
2025-03-08 09:16:01:INFO:Epoch 372/1500 completed.
2025-03-08 09:16:01:INFO:Epoch 373/1500 completed.
2025-03-08 09:16:01:INFO:Epoch 374/1500 completed.
2025-03-08 09:16:01:INFO:Epoch 375/1500 completed.
2025-03-08 09:16:01:INFO:Epoch 376/1500 completed.
2025-03-08 09:16:01:INFO:Epoch 377/1500 completed.
2025-03-08 09:16:01:INFO:Epoch 378/1500 completed.
2025-03-08 09:16:01:INFO:Epoch 379/1500 completed.
2025-03-08 09:16:01:INFO:Epoch 380/1500 completed.
2025-03-08 09:16:01:INFO:Epoch 381/1500 completed.
2025-03-08 09:16:01:INFO:Epoch 382/1500 completed.
2025-03-08 09:16:01:INFO:Epoch 383/1500 completed.
2025-03-08 09:16:01:INFO:Epoch 384/1500 completed.
2025-03-08 09:16:01:INFO:Epoch 385/1500 completed.
2025-03-08 09:16:01:INFO:Epoch 386/1500 completed.
2025-03-08 09:16:01:INFO:Epoch 387/1500 completed.
2025-03-08 09:16:01:INFO:Epoch 388/1500 completed.
2025-03-08 09:16:01:INFO:Epoch 389/1500 completed.
2025-03-08 09:16:01:INFO:Epoch 390/1500 completed.
2025-03-08 09:16:01:INFO:Epoch 391/1500 completed.
2025-03-08 09:16:01:INFO:Epoch 392/1500 completed.
2025-03-08 09:16:01:INFO:Epoch 393/1500 completed.
2025-03-08 09:16:01:INFO:Epoch 394/1500 completed.
2025-03-08 09:16:01:INFO:Epoch 395/1500 completed.
2025-03-08 09:16:01:INFO:Epoch 396/1500 completed.
2025-03-08 09:16:01:INFO:Epoch 397/1500 completed.
2025-03-08 09:16:01:INFO:Epoch 398/1500 completed.
2025-03-08 09:16:01:INFO:Epoch 399/1500 completed.
2025-03-08 09:16:01:INFO:Epoch 400/1500 completed.
2025-03-08 09:16:01:INFO:Epoch 401/1500 completed.
2025-03-08 09:16:01:INFO:Epoch 402/1500 completed.
2025-03-08 09:16:01:INFO:Epoch 403/1500 completed.
2025-03-08 09:16:01:INFO:Epoch 404/1500 completed.
2025-03-08 09:16:01:INFO:Epoch 405/1500 completed.
2025-03-08 09:16:01:INFO:Epoch 406/1500 completed.
2025-03-08 09:16:01:INFO:Epoch 407/1500 completed.
2025-03-08 09:16:01:INFO:Epoch 408/1500 completed.
2025-03-08 09:16:01:INFO:Epoch 409/1500 completed.
2025-03-08 09:16:01:INFO:Epoch 410/1500 completed.
2025-03-08 09:16:01:INFO:Epoch 411/1500 completed.
2025-03-08 09:16:01:INFO:Epoch 412/1500 completed.
2025-03-08 09:16:01:INFO:Epoch 413/1500 completed.
2025-03-08 09:16:01:INFO:Epoch 414/1500 completed.
2025-03-08 09:16:01:INFO:Epoch 415/1500 completed.
2025-03-08 09:16:01:INFO:Epoch 416/1500 completed.
2025-03-08 09:16:01:INFO:Epoch 417/1500 completed.
2025-03-08 09:16:01:INFO:Epoch 418/1500 completed.
2025-03-08 09:16:01:INFO:Epoch 419/1500 completed.
2025-03-08 09:16:01:INFO:Epoch 420/1500 completed.
2025-03-08 09:16:01:INFO:Epoch 421/1500 completed.
2025-03-08 09:16:01:INFO:Epoch 422/1500 completed.
2025-03-08 09:16:01:INFO:Epoch 423/1500 completed.
2025-03-08 09:16:01:INFO:Epoch 424/1500 completed.
2025-03-08 09:16:01:INFO:Epoch 425/1500 completed.
2025-03-08 09:16:01:INFO:Epoch 426/1500 completed.
2025-03-08 09:16:01:INFO:Epoch 427/1500 completed.
2025-03-08 09:16:01:INFO:Epoch 428/1500 completed.
2025-03-08 09:16:01:INFO:Epoch 429/1500 completed.
2025-03-08 09:16:01:INFO:Epoch 430/1500 completed.
2025-03-08 09:16:01:INFO:Epoch 431/1500 completed.
2025-03-08 09:16:01:INFO:Epoch 432/1500 completed.
2025-03-08 09:16:01:INFO:Epoch 433/1500 completed.
2025-03-08 09:16:01:INFO:Epoch 434/1500 completed.
2025-03-08 09:16:01:INFO:Epoch 435/1500 completed.
2025-03-08 09:16:01:INFO:Epoch 436/1500 completed.
2025-03-08 09:16:01:INFO:Epoch 437/1500 completed.
2025-03-08 09:16:01:INFO:Epoch 438/1500 completed.
2025-03-08 09:16:01:INFO:Epoch 439/1500 completed.
2025-03-08 09:16:01:INFO:Epoch 440/1500 completed.
2025-03-08 09:16:01:INFO:Epoch 441/1500 completed.
2025-03-08 09:16:01:INFO:Epoch 442/1500 completed.
2025-03-08 09:16:01:INFO:Epoch 443/1500 completed.
2025-03-08 09:16:01:INFO:Epoch 444/1500 completed.
2025-03-08 09:16:01:INFO:Epoch 445/1500 completed.
2025-03-08 09:16:01:INFO:Epoch 446/1500 completed.
2025-03-08 09:16:01:INFO:Epoch 447/1500 completed.
2025-03-08 09:16:01:INFO:Epoch 448/1500 completed.
2025-03-08 09:16:01:INFO:Epoch 449/1500 completed.
2025-03-08 09:16:01:INFO:Epoch 450/1500 completed.
2025-03-08 09:16:01:INFO:Epoch 451/1500 completed.
2025-03-08 09:16:01:INFO:Epoch 452/1500 completed.
2025-03-08 09:16:01:INFO:Epoch 453/1500 completed.
2025-03-08 09:16:01:INFO:Epoch 454/1500 completed.
2025-03-08 09:16:01:INFO:Epoch 455/1500 completed.
2025-03-08 09:16:01:INFO:Epoch 456/1500 completed.
2025-03-08 09:16:01:INFO:Epoch 457/1500 completed.
2025-03-08 09:16:01:INFO:Epoch 458/1500 completed.
2025-03-08 09:16:01:INFO:Epoch 459/1500 completed.
2025-03-08 09:16:01:INFO:Epoch 460/1500 completed.
2025-03-08 09:16:01:INFO:Epoch 461/1500 completed.
2025-03-08 09:16:01:INFO:Epoch 462/1500 completed.
2025-03-08 09:16:01:INFO:Epoch 463/1500 completed.
2025-03-08 09:16:01:INFO:Epoch 464/1500 completed.
2025-03-08 09:16:01:INFO:Epoch 465/1500 completed.
2025-03-08 09:16:01:INFO:Epoch 466/1500 completed.
2025-03-08 09:16:01:INFO:Epoch 467/1500 completed.
2025-03-08 09:16:01:INFO:Epoch 468/1500 completed.
2025-03-08 09:16:01:INFO:Epoch 469/1500 completed.
2025-03-08 09:16:01:INFO:Epoch 470/1500 completed.
2025-03-08 09:16:01:INFO:Epoch 471/1500 completed.
2025-03-08 09:16:01:INFO:Epoch 472/1500 completed.
2025-03-08 09:16:01:INFO:Epoch 473/1500 completed.
2025-03-08 09:16:01:INFO:Epoch 474/1500 completed.
2025-03-08 09:16:01:INFO:Epoch 475/1500 completed.
2025-03-08 09:16:01:INFO:Epoch 476/1500 completed.
2025-03-08 09:16:01:INFO:Epoch 477/1500 completed.
2025-03-08 09:16:01:INFO:Epoch 478/1500 completed.
2025-03-08 09:16:01:INFO:Epoch 479/1500 completed.
2025-03-08 09:16:01:INFO:Epoch 480/1500 completed.
2025-03-08 09:16:01:INFO:Epoch 481/1500 completed.
2025-03-08 09:16:01:INFO:Epoch 482/1500 completed.
2025-03-08 09:16:01:INFO:Epoch 483/1500 completed.
2025-03-08 09:16:01:INFO:Epoch 484/1500 completed.
2025-03-08 09:16:01:INFO:Epoch 485/1500 completed.
2025-03-08 09:16:01:INFO:Epoch 486/1500 completed.
2025-03-08 09:16:01:INFO:Epoch 487/1500 completed.
2025-03-08 09:16:01:INFO:Epoch 488/1500 completed.
2025-03-08 09:16:02:INFO:Epoch 489/1500 completed.
2025-03-08 09:16:02:INFO:Epoch 490/1500 completed.
2025-03-08 09:16:02:INFO:Epoch 491/1500 completed.
2025-03-08 09:16:02:INFO:Epoch 492/1500 completed.
2025-03-08 09:16:02:INFO:Epoch 493/1500 completed.
2025-03-08 09:16:02:INFO:Epoch 494/1500 completed.
2025-03-08 09:16:02:INFO:Epoch 495/1500 completed.
2025-03-08 09:16:02:INFO:Epoch 496/1500 completed.
2025-03-08 09:16:02:INFO:Epoch 497/1500 completed.
2025-03-08 09:16:02:INFO:Epoch 498/1500 completed.
2025-03-08 09:16:02:INFO:Epoch 499/1500 completed.
2025-03-08 09:16:02:INFO:Epoch 500/1500 completed.
2025-03-08 09:16:02:INFO:Epoch 501/1500 completed.
2025-03-08 09:16:02:INFO:Epoch 502/1500 completed.
2025-03-08 09:16:02:INFO:Epoch 503/1500 completed.
2025-03-08 09:16:02:INFO:Epoch 504/1500 completed.
2025-03-08 09:16:02:INFO:Epoch 505/1500 completed.
2025-03-08 09:16:02:INFO:Epoch 506/1500 completed.
2025-03-08 09:16:02:INFO:Epoch 507/1500 completed.
2025-03-08 09:16:02:INFO:Epoch 508/1500 completed.
2025-03-08 09:16:02:INFO:Epoch 509/1500 completed.
2025-03-08 09:16:02:INFO:Epoch 510/1500 completed.
2025-03-08 09:16:02:INFO:Epoch 511/1500 completed.
2025-03-08 09:16:02:INFO:Epoch 512/1500 completed.
2025-03-08 09:16:02:INFO:Epoch 513/1500 completed.
2025-03-08 09:16:02:INFO:Epoch 514/1500 completed.
2025-03-08 09:16:02:INFO:Epoch 515/1500 completed.
2025-03-08 09:16:02:INFO:Epoch 516/1500 completed.
2025-03-08 09:16:02:INFO:Epoch 517/1500 completed.
2025-03-08 09:16:02:INFO:Epoch 518/1500 completed.
2025-03-08 09:16:02:INFO:Epoch 519/1500 completed.
2025-03-08 09:16:02:INFO:Epoch 520/1500 completed.
2025-03-08 09:16:02:INFO:Epoch 521/1500 completed.
2025-03-08 09:16:02:INFO:Epoch 522/1500 completed.
2025-03-08 09:16:02:INFO:Epoch 523/1500 completed.
2025-03-08 09:16:02:INFO:Epoch 524/1500 completed.
2025-03-08 09:16:02:INFO:Epoch 525/1500 completed.
2025-03-08 09:16:02:INFO:Epoch 526/1500 completed.
2025-03-08 09:16:02:INFO:Epoch 527/1500 completed.
2025-03-08 09:16:02:INFO:Epoch 528/1500 completed.
2025-03-08 09:16:02:INFO:Epoch 529/1500 completed.
2025-03-08 09:16:02:INFO:Epoch 530/1500 completed.
2025-03-08 09:16:02:INFO:Epoch 531/1500 completed.
2025-03-08 09:16:02:INFO:Epoch 532/1500 completed.
2025-03-08 09:16:02:INFO:Epoch 533/1500 completed.
2025-03-08 09:16:02:INFO:Epoch 534/1500 completed.
2025-03-08 09:16:02:INFO:Epoch 535/1500 completed.
2025-03-08 09:16:02:INFO:Epoch 536/1500 completed.
2025-03-08 09:16:02:INFO:Epoch 537/1500 completed.
2025-03-08 09:16:02:INFO:Epoch 538/1500 completed.
2025-03-08 09:16:02:INFO:Epoch 539/1500 completed.
2025-03-08 09:16:02:INFO:Epoch 540/1500 completed.
2025-03-08 09:16:02:INFO:Epoch 541/1500 completed.
2025-03-08 09:16:02:INFO:Epoch 542/1500 completed.
2025-03-08 09:16:02:INFO:Epoch 543/1500 completed.
2025-03-08 09:16:02:INFO:Epoch 544/1500 completed.
2025-03-08 09:16:02:INFO:Epoch 545/1500 completed.
2025-03-08 09:16:02:INFO:Epoch 546/1500 completed.
2025-03-08 09:16:02:INFO:Epoch 547/1500 completed.
2025-03-08 09:16:02:INFO:Epoch 548/1500 completed.
2025-03-08 09:16:02:INFO:Epoch 549/1500 completed.
2025-03-08 09:16:02:INFO:Epoch 550/1500 completed.
2025-03-08 09:16:02:INFO:Epoch 551/1500 completed.
2025-03-08 09:16:02:INFO:Epoch 552/1500 completed.
2025-03-08 09:16:02:INFO:Epoch 553/1500 completed.
2025-03-08 09:16:02:INFO:Epoch 554/1500 completed.
2025-03-08 09:16:02:INFO:Epoch 555/1500 completed.
2025-03-08 09:16:02:INFO:Epoch 556/1500 completed.
2025-03-08 09:16:02:INFO:Epoch 557/1500 completed.
2025-03-08 09:16:02:INFO:Epoch 558/1500 completed.
2025-03-08 09:16:02:INFO:Epoch 559/1500 completed.
2025-03-08 09:16:02:INFO:Epoch 560/1500 completed.
2025-03-08 09:16:02:INFO:Epoch 561/1500 completed.
2025-03-08 09:16:02:INFO:Epoch 562/1500 completed.
2025-03-08 09:16:02:INFO:Epoch 563/1500 completed.
2025-03-08 09:16:02:INFO:Epoch 564/1500 completed.
2025-03-08 09:16:02:INFO:Epoch 565/1500 completed.
2025-03-08 09:16:02:INFO:Epoch 566/1500 completed.
2025-03-08 09:16:02:INFO:Epoch 567/1500 completed.
2025-03-08 09:16:02:INFO:Epoch 568/1500 completed.
2025-03-08 09:16:02:INFO:Epoch 569/1500 completed.
2025-03-08 09:16:02:INFO:Epoch 570/1500 completed.
2025-03-08 09:16:02:INFO:Epoch 571/1500 completed.
2025-03-08 09:16:02:INFO:Epoch 572/1500 completed.
2025-03-08 09:16:02:INFO:Epoch 573/1500 completed.
2025-03-08 09:16:02:INFO:Epoch 574/1500 completed.
2025-03-08 09:16:02:INFO:Epoch 575/1500 completed.
2025-03-08 09:16:02:INFO:Epoch 576/1500 completed.
2025-03-08 09:16:02:INFO:Epoch 577/1500 completed.
2025-03-08 09:16:02:INFO:Epoch 578/1500 completed.
2025-03-08 09:16:02:INFO:Epoch 579/1500 completed.
2025-03-08 09:16:02:INFO:Epoch 580/1500 completed.
2025-03-08 09:16:02:INFO:Epoch 581/1500 completed.
2025-03-08 09:16:02:INFO:Epoch 582/1500 completed.
2025-03-08 09:16:02:INFO:Epoch 583/1500 completed.
2025-03-08 09:16:02:INFO:Epoch 584/1500 completed.
2025-03-08 09:16:02:INFO:Epoch 585/1500 completed.
2025-03-08 09:16:02:INFO:Epoch 586/1500 completed.
2025-03-08 09:16:02:INFO:Epoch 587/1500 completed.
2025-03-08 09:16:02:INFO:Epoch 588/1500 completed.
2025-03-08 09:16:02:INFO:Epoch 589/1500 completed.
2025-03-08 09:16:02:INFO:Epoch 590/1500 completed.
2025-03-08 09:16:02:INFO:Epoch 591/1500 completed.
2025-03-08 09:16:02:INFO:Epoch 592/1500 completed.
2025-03-08 09:16:02:INFO:Epoch 593/1500 completed.
2025-03-08 09:16:02:INFO:Epoch 594/1500 completed.
2025-03-08 09:16:02:INFO:Epoch 595/1500 completed.
2025-03-08 09:16:02:INFO:Epoch 596/1500 completed.
2025-03-08 09:16:02:INFO:Epoch 597/1500 completed.
2025-03-08 09:16:02:INFO:Epoch 598/1500 completed.
2025-03-08 09:16:02:INFO:Epoch 599/1500 completed.
2025-03-08 09:16:02:INFO:Epoch 600/1500 completed.
2025-03-08 09:16:02:INFO:Epoch 601/1500 completed.
2025-03-08 09:16:02:INFO:Epoch 602/1500 completed.
2025-03-08 09:16:02:INFO:Epoch 603/1500 completed.
2025-03-08 09:16:02:INFO:Epoch 604/1500 completed.
2025-03-08 09:16:02:INFO:Epoch 605/1500 completed.
2025-03-08 09:16:02:INFO:Epoch 606/1500 completed.
2025-03-08 09:16:02:INFO:Epoch 607/1500 completed.
2025-03-08 09:16:02:INFO:Epoch 608/1500 completed.
2025-03-08 09:16:02:INFO:Epoch 609/1500 completed.
2025-03-08 09:16:02:INFO:Epoch 610/1500 completed.
2025-03-08 09:16:02:INFO:Epoch 611/1500 completed.
2025-03-08 09:16:02:INFO:Epoch 612/1500 completed.
2025-03-08 09:16:02:INFO:Epoch 613/1500 completed.
2025-03-08 09:16:02:INFO:Epoch 614/1500 completed.
2025-03-08 09:16:02:INFO:Epoch 615/1500 completed.
2025-03-08 09:16:02:INFO:Epoch 616/1500 completed.
2025-03-08 09:16:02:INFO:Epoch 617/1500 completed.
2025-03-08 09:16:02:INFO:Epoch 618/1500 completed.
2025-03-08 09:16:02:INFO:Epoch 619/1500 completed.
2025-03-08 09:16:02:INFO:Epoch 620/1500 completed.
2025-03-08 09:16:02:INFO:Epoch 621/1500 completed.
2025-03-08 09:16:02:INFO:Epoch 622/1500 completed.
2025-03-08 09:16:02:INFO:Epoch 623/1500 completed.
2025-03-08 09:16:02:INFO:Epoch 624/1500 completed.
2025-03-08 09:16:02:INFO:Epoch 625/1500 completed.
2025-03-08 09:16:02:INFO:Epoch 626/1500 completed.
2025-03-08 09:16:02:INFO:Epoch 627/1500 completed.
2025-03-08 09:16:02:INFO:Epoch 628/1500 completed.
2025-03-08 09:16:02:INFO:Epoch 629/1500 completed.
2025-03-08 09:16:02:INFO:Epoch 630/1500 completed.
2025-03-08 09:16:02:INFO:Epoch 631/1500 completed.
2025-03-08 09:16:02:INFO:Epoch 632/1500 completed.
2025-03-08 09:16:02:INFO:Epoch 633/1500 completed.
2025-03-08 09:16:02:INFO:Epoch 634/1500 completed.
2025-03-08 09:16:02:INFO:Epoch 635/1500 completed.
2025-03-08 09:16:02:INFO:Epoch 636/1500 completed.
2025-03-08 09:16:02:INFO:Epoch 637/1500 completed.
2025-03-08 09:16:02:INFO:Epoch 638/1500 completed.
2025-03-08 09:16:02:INFO:Epoch 639/1500 completed.
2025-03-08 09:16:02:INFO:Epoch 640/1500 completed.
2025-03-08 09:16:02:INFO:Epoch 641/1500 completed.
2025-03-08 09:16:02:INFO:Epoch 642/1500 completed.
2025-03-08 09:16:02:INFO:Epoch 643/1500 completed.
2025-03-08 09:16:02:INFO:Epoch 644/1500 completed.
2025-03-08 09:16:02:INFO:Epoch 645/1500 completed.
2025-03-08 09:16:02:INFO:Epoch 646/1500 completed.
2025-03-08 09:16:02:INFO:Epoch 647/1500 completed.
2025-03-08 09:16:02:INFO:Epoch 648/1500 completed.
2025-03-08 09:16:02:INFO:Epoch 649/1500 completed.
2025-03-08 09:16:02:INFO:Epoch 650/1500 completed.
2025-03-08 09:16:02:INFO:Epoch 651/1500 completed.
2025-03-08 09:16:02:INFO:Epoch 652/1500 completed.
2025-03-08 09:16:02:INFO:Epoch 653/1500 completed.
2025-03-08 09:16:02:INFO:Epoch 654/1500 completed.
2025-03-08 09:16:02:INFO:Epoch 655/1500 completed.
2025-03-08 09:16:02:INFO:Epoch 656/1500 completed.
2025-03-08 09:16:02:INFO:Epoch 657/1500 completed.
2025-03-08 09:16:02:INFO:Epoch 658/1500 completed.
2025-03-08 09:16:02:INFO:Epoch 659/1500 completed.
2025-03-08 09:16:02:INFO:Epoch 660/1500 completed.
2025-03-08 09:16:02:INFO:Epoch 661/1500 completed.
2025-03-08 09:16:02:INFO:Epoch 662/1500 completed.
2025-03-08 09:16:02:INFO:Epoch 663/1500 completed.
2025-03-08 09:16:02:INFO:Epoch 664/1500 completed.
2025-03-08 09:16:02:INFO:Epoch 665/1500 completed.
2025-03-08 09:16:02:INFO:Epoch 666/1500 completed.
2025-03-08 09:16:02:INFO:Epoch 667/1500 completed.
2025-03-08 09:16:02:INFO:Epoch 668/1500 completed.
2025-03-08 09:16:02:INFO:Epoch 669/1500 completed.
2025-03-08 09:16:02:INFO:Epoch 670/1500 completed.
2025-03-08 09:16:02:INFO:Epoch 671/1500 completed.
2025-03-08 09:16:02:INFO:Epoch 672/1500 completed.
2025-03-08 09:16:02:INFO:Epoch 673/1500 completed.
2025-03-08 09:16:02:INFO:Epoch 674/1500 completed.
2025-03-08 09:16:02:INFO:Epoch 675/1500 completed.
2025-03-08 09:16:02:INFO:Epoch 676/1500 completed.
2025-03-08 09:16:02:INFO:Epoch 677/1500 completed.
2025-03-08 09:16:02:INFO:Epoch 678/1500 completed.
2025-03-08 09:16:02:INFO:Epoch 679/1500 completed.
2025-03-08 09:16:02:INFO:Epoch 680/1500 completed.
2025-03-08 09:16:02:INFO:Epoch 681/1500 completed.
2025-03-08 09:16:02:INFO:Epoch 682/1500 completed.
2025-03-08 09:16:02:INFO:Epoch 683/1500 completed.
2025-03-08 09:16:02:INFO:Epoch 684/1500 completed.
2025-03-08 09:16:02:INFO:Epoch 685/1500 completed.
2025-03-08 09:16:02:INFO:Epoch 686/1500 completed.
2025-03-08 09:16:02:INFO:Epoch 687/1500 completed.
2025-03-08 09:16:02:INFO:Epoch 688/1500 completed.
2025-03-08 09:16:02:INFO:Epoch 689/1500 completed.
2025-03-08 09:16:02:INFO:Epoch 690/1500 completed.
2025-03-08 09:16:02:INFO:Epoch 691/1500 completed.
2025-03-08 09:16:02:INFO:Epoch 692/1500 completed.
2025-03-08 09:16:02:INFO:Epoch 693/1500 completed.
2025-03-08 09:16:02:INFO:Epoch 694/1500 completed.
2025-03-08 09:16:02:INFO:Epoch 695/1500 completed.
2025-03-08 09:16:02:INFO:Epoch 696/1500 completed.
2025-03-08 09:16:02:INFO:Epoch 697/1500 completed.
2025-03-08 09:16:02:INFO:Epoch 698/1500 completed.
2025-03-08 09:16:02:INFO:Epoch 699/1500 completed.
2025-03-08 09:16:02:INFO:Epoch 700/1500 completed.
2025-03-08 09:16:02:INFO:Epoch 701/1500 completed.
2025-03-08 09:16:02:INFO:Epoch 702/1500 completed.
2025-03-08 09:16:02:INFO:Epoch 703/1500 completed.
2025-03-08 09:16:02:INFO:Epoch 704/1500 completed.
2025-03-08 09:16:02:INFO:Epoch 705/1500 completed.
2025-03-08 09:16:02:INFO:Epoch 706/1500 completed.
2025-03-08 09:16:02:INFO:Epoch 707/1500 completed.
2025-03-08 09:16:02:INFO:Epoch 708/1500 completed.
2025-03-08 09:16:02:INFO:Epoch 709/1500 completed.
2025-03-08 09:16:02:INFO:Epoch 710/1500 completed.
2025-03-08 09:16:02:INFO:Epoch 711/1500 completed.
2025-03-08 09:16:02:INFO:Epoch 712/1500 completed.
2025-03-08 09:16:02:INFO:Epoch 713/1500 completed.
2025-03-08 09:16:02:INFO:Epoch 714/1500 completed.
2025-03-08 09:16:02:INFO:Epoch 715/1500 completed.
2025-03-08 09:16:02:INFO:Epoch 716/1500 completed.
2025-03-08 09:16:02:INFO:Epoch 717/1500 completed.
2025-03-08 09:16:02:INFO:Epoch 718/1500 completed.
2025-03-08 09:16:02:INFO:Epoch 719/1500 completed.
2025-03-08 09:16:02:INFO:Epoch 720/1500 completed.
2025-03-08 09:16:02:INFO:Epoch 721/1500 completed.
2025-03-08 09:16:02:INFO:Epoch 722/1500 completed.
2025-03-08 09:16:02:INFO:Epoch 723/1500 completed.
2025-03-08 09:16:02:INFO:Epoch 724/1500 completed.
2025-03-08 09:16:02:INFO:Epoch 725/1500 completed.
2025-03-08 09:16:02:INFO:Epoch 726/1500 completed.
2025-03-08 09:16:02:INFO:Epoch 727/1500 completed.
2025-03-08 09:16:02:INFO:Epoch 728/1500 completed.
2025-03-08 09:16:02:INFO:Epoch 729/1500 completed.
2025-03-08 09:16:02:INFO:Epoch 730/1500 completed.
2025-03-08 09:16:02:INFO:Epoch 731/1500 completed.
2025-03-08 09:16:02:INFO:Epoch 732/1500 completed.
2025-03-08 09:16:02:INFO:Epoch 733/1500 completed.
2025-03-08 09:16:02:INFO:Epoch 734/1500 completed.
2025-03-08 09:16:02:INFO:Epoch 735/1500 completed.
2025-03-08 09:16:02:INFO:Epoch 736/1500 completed.
2025-03-08 09:16:02:INFO:Epoch 737/1500 completed.
2025-03-08 09:16:02:INFO:Epoch 738/1500 completed.
2025-03-08 09:16:02:INFO:Epoch 739/1500 completed.
2025-03-08 09:16:02:INFO:Epoch 740/1500 completed.
2025-03-08 09:16:02:INFO:Epoch 741/1500 completed.
2025-03-08 09:16:02:INFO:Epoch 742/1500 completed.
2025-03-08 09:16:02:INFO:Epoch 743/1500 completed.
2025-03-08 09:16:02:INFO:Epoch 744/1500 completed.
2025-03-08 09:16:02:INFO:Epoch 745/1500 completed.
2025-03-08 09:16:02:INFO:Epoch 746/1500 completed.
2025-03-08 09:16:02:INFO:Epoch 747/1500 completed.
2025-03-08 09:16:02:INFO:Epoch 748/1500 completed.
2025-03-08 09:16:02:INFO:Epoch 749/1500 completed.
2025-03-08 09:16:02:INFO:Epoch 750/1500 completed.
2025-03-08 09:16:02:INFO:Epoch 751/1500 completed.
2025-03-08 09:16:02:INFO:Epoch 752/1500 completed.
2025-03-08 09:16:02:INFO:Epoch 753/1500 completed.
2025-03-08 09:16:02:INFO:Epoch 754/1500 completed.
2025-03-08 09:16:02:INFO:Epoch 755/1500 completed.
2025-03-08 09:16:02:INFO:Epoch 756/1500 completed.
2025-03-08 09:16:02:INFO:Epoch 757/1500 completed.
2025-03-08 09:16:02:INFO:Epoch 758/1500 completed.
2025-03-08 09:16:02:INFO:Epoch 759/1500 completed.
2025-03-08 09:16:02:INFO:Epoch 760/1500 completed.
2025-03-08 09:16:02:INFO:Epoch 761/1500 completed.
2025-03-08 09:16:02:INFO:Epoch 762/1500 completed.
2025-03-08 09:16:02:INFO:Epoch 763/1500 completed.
2025-03-08 09:16:02:INFO:Epoch 764/1500 completed.
2025-03-08 09:16:02:INFO:Epoch 765/1500 completed.
2025-03-08 09:16:02:INFO:Epoch 766/1500 completed.
2025-03-08 09:16:02:INFO:Epoch 767/1500 completed.
2025-03-08 09:16:02:INFO:Epoch 768/1500 completed.
2025-03-08 09:16:02:INFO:Epoch 769/1500 completed.
2025-03-08 09:16:02:INFO:Epoch 770/1500 completed.
2025-03-08 09:16:02:INFO:Epoch 771/1500 completed.
2025-03-08 09:16:02:INFO:Epoch 772/1500 completed.
2025-03-08 09:16:02:INFO:Epoch 773/1500 completed.
2025-03-08 09:16:02:INFO:Epoch 774/1500 completed.
2025-03-08 09:16:02:INFO:Epoch 775/1500 completed.
2025-03-08 09:16:02:INFO:Epoch 776/1500 completed.
2025-03-08 09:16:02:INFO:Epoch 777/1500 completed.
2025-03-08 09:16:02:INFO:Epoch 778/1500 completed.
2025-03-08 09:16:02:INFO:Epoch 779/1500 completed.
2025-03-08 09:16:02:INFO:Epoch 780/1500 completed.
2025-03-08 09:16:02:INFO:Epoch 781/1500 completed.
2025-03-08 09:16:02:INFO:Epoch 782/1500 completed.
2025-03-08 09:16:02:INFO:Epoch 783/1500 completed.
2025-03-08 09:16:02:INFO:Epoch 784/1500 completed.
2025-03-08 09:16:02:INFO:Epoch 785/1500 completed.
2025-03-08 09:16:02:INFO:Epoch 786/1500 completed.
2025-03-08 09:16:02:INFO:Epoch 787/1500 completed.
2025-03-08 09:16:02:INFO:Epoch 788/1500 completed.
2025-03-08 09:16:02:INFO:Epoch 789/1500 completed.
2025-03-08 09:16:02:INFO:Epoch 790/1500 completed.
2025-03-08 09:16:02:INFO:Epoch 791/1500 completed.
2025-03-08 09:16:02:INFO:Epoch 792/1500 completed.
2025-03-08 09:16:02:INFO:Epoch 793/1500 completed.
2025-03-08 09:16:02:INFO:Epoch 794/1500 completed.
2025-03-08 09:16:02:INFO:Epoch 795/1500 completed.
2025-03-08 09:16:02:INFO:Epoch 796/1500 completed.
2025-03-08 09:16:02:INFO:Epoch 797/1500 completed.
2025-03-08 09:16:02:INFO:Epoch 798/1500 completed.
2025-03-08 09:16:02:INFO:Epoch 799/1500 completed.
2025-03-08 09:16:02:INFO:Epoch 800/1500 completed.
2025-03-08 09:16:02:INFO:Epoch 801/1500 completed.
2025-03-08 09:16:02:INFO:Epoch 802/1500 completed.
2025-03-08 09:16:02:INFO:Epoch 803/1500 completed.
2025-03-08 09:16:02:INFO:Epoch 804/1500 completed.
2025-03-08 09:16:02:INFO:Epoch 805/1500 completed.
2025-03-08 09:16:02:INFO:Epoch 806/1500 completed.
2025-03-08 09:16:02:INFO:Epoch 807/1500 completed.
2025-03-08 09:16:02:INFO:Epoch 808/1500 completed.
2025-03-08 09:16:02:INFO:Epoch 809/1500 completed.
2025-03-08 09:16:02:INFO:Epoch 810/1500 completed.
2025-03-08 09:16:02:INFO:Epoch 811/1500 completed.
2025-03-08 09:16:02:INFO:Epoch 812/1500 completed.
2025-03-08 09:16:02:INFO:Epoch 813/1500 completed.
2025-03-08 09:16:02:INFO:Epoch 814/1500 completed.
2025-03-08 09:16:02:INFO:Epoch 815/1500 completed.
2025-03-08 09:16:02:INFO:Epoch 816/1500 completed.
2025-03-08 09:16:02:INFO:Epoch 817/1500 completed.
2025-03-08 09:16:02:INFO:Epoch 818/1500 completed.
2025-03-08 09:16:02:INFO:Epoch 819/1500 completed.
2025-03-08 09:16:02:INFO:Epoch 820/1500 completed.
2025-03-08 09:16:02:INFO:Epoch 821/1500 completed.
2025-03-08 09:16:02:INFO:Epoch 822/1500 completed.
2025-03-08 09:16:02:INFO:Epoch 823/1500 completed.
2025-03-08 09:16:02:INFO:Epoch 824/1500 completed.
2025-03-08 09:16:02:INFO:Epoch 825/1500 completed.
2025-03-08 09:16:02:INFO:Epoch 826/1500 completed.
2025-03-08 09:16:02:INFO:Epoch 827/1500 completed.
2025-03-08 09:16:02:INFO:Epoch 828/1500 completed.
2025-03-08 09:16:02:INFO:Epoch 829/1500 completed.
2025-03-08 09:16:02:INFO:Epoch 830/1500 completed.
2025-03-08 09:16:02:INFO:Epoch 831/1500 completed.
2025-03-08 09:16:02:INFO:Epoch 832/1500 completed.
2025-03-08 09:16:02:INFO:Epoch 833/1500 completed.
2025-03-08 09:16:02:INFO:Epoch 834/1500 completed.
2025-03-08 09:16:02:INFO:Epoch 835/1500 completed.
2025-03-08 09:16:02:INFO:Epoch 836/1500 completed.
2025-03-08 09:16:02:INFO:Epoch 837/1500 completed.
2025-03-08 09:16:02:INFO:Epoch 838/1500 completed.
2025-03-08 09:16:02:INFO:Epoch 839/1500 completed.
2025-03-08 09:16:02:INFO:Epoch 840/1500 completed.
2025-03-08 09:16:02:INFO:Epoch 841/1500 completed.
2025-03-08 09:16:02:INFO:Epoch 842/1500 completed.
2025-03-08 09:16:02:INFO:Epoch 843/1500 completed.
2025-03-08 09:16:02:INFO:Epoch 844/1500 completed.
2025-03-08 09:16:02:INFO:Epoch 845/1500 completed.
2025-03-08 09:16:02:INFO:Epoch 846/1500 completed.
2025-03-08 09:16:02:INFO:Epoch 847/1500 completed.
2025-03-08 09:16:02:INFO:Epoch 848/1500 completed.
2025-03-08 09:16:02:INFO:Epoch 849/1500 completed.
2025-03-08 09:16:02:INFO:Epoch 850/1500 completed.
2025-03-08 09:16:02:INFO:Epoch 851/1500 completed.
2025-03-08 09:16:02:INFO:Epoch 852/1500 completed.
2025-03-08 09:16:02:INFO:Epoch 853/1500 completed.
2025-03-08 09:16:02:INFO:Epoch 854/1500 completed.
2025-03-08 09:16:02:INFO:Epoch 855/1500 completed.
2025-03-08 09:16:02:INFO:Epoch 856/1500 completed.
2025-03-08 09:16:02:INFO:Epoch 857/1500 completed.
2025-03-08 09:16:02:INFO:Epoch 858/1500 completed.
2025-03-08 09:16:02:INFO:Epoch 859/1500 completed.
2025-03-08 09:16:02:INFO:Epoch 860/1500 completed.
2025-03-08 09:16:02:INFO:Epoch 861/1500 completed.
2025-03-08 09:16:02:INFO:Epoch 862/1500 completed.
2025-03-08 09:16:02:INFO:Epoch 863/1500 completed.
2025-03-08 09:16:02:INFO:Epoch 864/1500 completed.
2025-03-08 09:16:02:INFO:Epoch 865/1500 completed.
2025-03-08 09:16:02:INFO:Epoch 866/1500 completed.
2025-03-08 09:16:02:INFO:Epoch 867/1500 completed.
2025-03-08 09:16:02:INFO:Epoch 868/1500 completed.
2025-03-08 09:16:02:INFO:Epoch 869/1500 completed.
2025-03-08 09:16:02:INFO:Epoch 870/1500 completed.
2025-03-08 09:16:02:INFO:Epoch 871/1500 completed.
2025-03-08 09:16:02:INFO:Epoch 872/1500 completed.
2025-03-08 09:16:02:INFO:Epoch 873/1500 completed.
2025-03-08 09:16:02:INFO:Epoch 874/1500 completed.
2025-03-08 09:16:02:INFO:Epoch 875/1500 completed.
2025-03-08 09:16:02:INFO:Epoch 876/1500 completed.
2025-03-08 09:16:02:INFO:Epoch 877/1500 completed.
2025-03-08 09:16:02:INFO:Epoch 878/1500 completed.
2025-03-08 09:16:02:INFO:Epoch 879/1500 completed.
2025-03-08 09:16:02:INFO:Epoch 880/1500 completed.
2025-03-08 09:16:02:INFO:Epoch 881/1500 completed.
2025-03-08 09:16:02:INFO:Epoch 882/1500 completed.
2025-03-08 09:16:02:INFO:Epoch 883/1500 completed.
2025-03-08 09:16:02:INFO:Epoch 884/1500 completed.
2025-03-08 09:16:02:INFO:Epoch 885/1500 completed.
2025-03-08 09:16:02:INFO:Epoch 886/1500 completed.
2025-03-08 09:16:02:INFO:Epoch 887/1500 completed.
2025-03-08 09:16:02:INFO:Epoch 888/1500 completed.
2025-03-08 09:16:02:INFO:Epoch 889/1500 completed.
2025-03-08 09:16:02:INFO:Epoch 890/1500 completed.
2025-03-08 09:16:02:INFO:Epoch 891/1500 completed.
2025-03-08 09:16:02:INFO:Epoch 892/1500 completed.
2025-03-08 09:16:02:INFO:Epoch 893/1500 completed.
2025-03-08 09:16:02:INFO:Epoch 894/1500 completed.
2025-03-08 09:16:02:INFO:Epoch 895/1500 completed.
2025-03-08 09:16:02:INFO:Epoch 896/1500 completed.
2025-03-08 09:16:02:INFO:Epoch 897/1500 completed.
2025-03-08 09:16:02:INFO:Epoch 898/1500 completed.
2025-03-08 09:16:02:INFO:Epoch 899/1500 completed.
2025-03-08 09:16:02:INFO:Epoch 900/1500 completed.
2025-03-08 09:16:02:INFO:Epoch 901/1500 completed.
2025-03-08 09:16:02:INFO:Epoch 902/1500 completed.
2025-03-08 09:16:02:INFO:Epoch 903/1500 completed.
2025-03-08 09:16:02:INFO:Epoch 904/1500 completed.
2025-03-08 09:16:02:INFO:Epoch 905/1500 completed.
2025-03-08 09:16:02:INFO:Epoch 906/1500 completed.
2025-03-08 09:16:02:INFO:Epoch 907/1500 completed.
2025-03-08 09:16:02:INFO:Epoch 908/1500 completed.
2025-03-08 09:16:02:INFO:Epoch 909/1500 completed.
2025-03-08 09:16:02:INFO:Epoch 910/1500 completed.
2025-03-08 09:16:02:INFO:Epoch 911/1500 completed.
2025-03-08 09:16:02:INFO:Epoch 912/1500 completed.
2025-03-08 09:16:02:INFO:Epoch 913/1500 completed.
2025-03-08 09:16:02:INFO:Epoch 914/1500 completed.
2025-03-08 09:16:02:INFO:Epoch 915/1500 completed.
2025-03-08 09:16:02:INFO:Epoch 916/1500 completed.
2025-03-08 09:16:02:INFO:Epoch 917/1500 completed.
2025-03-08 09:16:02:INFO:Epoch 918/1500 completed.
2025-03-08 09:16:02:INFO:Epoch 919/1500 completed.
2025-03-08 09:16:02:INFO:Epoch 920/1500 completed.
2025-03-08 09:16:02:INFO:Epoch 921/1500 completed.
2025-03-08 09:16:02:INFO:Epoch 922/1500 completed.
2025-03-08 09:16:02:INFO:Epoch 923/1500 completed.
2025-03-08 09:16:02:INFO:Epoch 924/1500 completed.
2025-03-08 09:16:02:INFO:Epoch 925/1500 completed.
2025-03-08 09:16:02:INFO:Epoch 926/1500 completed.
2025-03-08 09:16:02:INFO:Epoch 927/1500 completed.
2025-03-08 09:16:02:INFO:Epoch 928/1500 completed.
2025-03-08 09:16:02:INFO:Epoch 929/1500 completed.
2025-03-08 09:16:02:INFO:Epoch 930/1500 completed.
2025-03-08 09:16:02:INFO:Epoch 931/1500 completed.
2025-03-08 09:16:02:INFO:Epoch 932/1500 completed.
2025-03-08 09:16:02:INFO:Epoch 933/1500 completed.
2025-03-08 09:16:02:INFO:Epoch 934/1500 completed.
2025-03-08 09:16:02:INFO:Epoch 935/1500 completed.
2025-03-08 09:16:02:INFO:Epoch 936/1500 completed.
2025-03-08 09:16:02:INFO:Epoch 937/1500 completed.
2025-03-08 09:16:02:INFO:Epoch 938/1500 completed.
2025-03-08 09:16:02:INFO:Epoch 939/1500 completed.
2025-03-08 09:16:02:INFO:Epoch 940/1500 completed.
2025-03-08 09:16:02:INFO:Epoch 941/1500 completed.
2025-03-08 09:16:02:INFO:Epoch 942/1500 completed.
2025-03-08 09:16:02:INFO:Epoch 943/1500 completed.
2025-03-08 09:16:02:INFO:Epoch 944/1500 completed.
2025-03-08 09:16:02:INFO:Epoch 945/1500 completed.
2025-03-08 09:16:02:INFO:Epoch 946/1500 completed.
2025-03-08 09:16:02:INFO:Epoch 947/1500 completed.
2025-03-08 09:16:02:INFO:Epoch 948/1500 completed.
2025-03-08 09:16:02:INFO:Epoch 949/1500 completed.
2025-03-08 09:16:02:INFO:Epoch 950/1500 completed.
2025-03-08 09:16:02:INFO:Epoch 951/1500 completed.
2025-03-08 09:16:02:INFO:Epoch 952/1500 completed.
2025-03-08 09:16:02:INFO:Epoch 953/1500 completed.
2025-03-08 09:16:02:INFO:Epoch 954/1500 completed.
2025-03-08 09:16:02:INFO:Epoch 955/1500 completed.
2025-03-08 09:16:02:INFO:Epoch 956/1500 completed.
2025-03-08 09:16:02:INFO:Epoch 957/1500 completed.
2025-03-08 09:16:02:INFO:Epoch 958/1500 completed.
2025-03-08 09:16:02:INFO:Epoch 959/1500 completed.
2025-03-08 09:16:02:INFO:Epoch 960/1500 completed.
2025-03-08 09:16:02:INFO:Epoch 961/1500 completed.
2025-03-08 09:16:02:INFO:Epoch 962/1500 completed.
2025-03-08 09:16:02:INFO:Epoch 963/1500 completed.
2025-03-08 09:16:02:INFO:Epoch 964/1500 completed.
2025-03-08 09:16:02:INFO:Epoch 965/1500 completed.
2025-03-08 09:16:02:INFO:Epoch 966/1500 completed.
2025-03-08 09:16:02:INFO:Epoch 967/1500 completed.
2025-03-08 09:16:02:INFO:Epoch 968/1500 completed.
2025-03-08 09:16:02:INFO:Epoch 969/1500 completed.
2025-03-08 09:16:02:INFO:Epoch 970/1500 completed.
2025-03-08 09:16:02:INFO:Epoch 971/1500 completed.
2025-03-08 09:16:02:INFO:Epoch 972/1500 completed.
2025-03-08 09:16:02:INFO:Epoch 973/1500 completed.
2025-03-08 09:16:02:INFO:Epoch 974/1500 completed.
2025-03-08 09:16:02:INFO:Epoch 975/1500 completed.
2025-03-08 09:16:02:INFO:Epoch 976/1500 completed.
2025-03-08 09:16:02:INFO:Epoch 977/1500 completed.
2025-03-08 09:16:02:INFO:Epoch 978/1500 completed.
2025-03-08 09:16:02:INFO:Epoch 979/1500 completed.
2025-03-08 09:16:02:INFO:Epoch 980/1500 completed.
2025-03-08 09:16:02:INFO:Epoch 981/1500 completed.
2025-03-08 09:16:02:INFO:Epoch 982/1500 completed.
2025-03-08 09:16:02:INFO:Epoch 983/1500 completed.
2025-03-08 09:16:02:INFO:Epoch 984/1500 completed.
2025-03-08 09:16:02:INFO:Epoch 985/1500 completed.
2025-03-08 09:16:02:INFO:Epoch 986/1500 completed.
2025-03-08 09:16:02:INFO:Epoch 987/1500 completed.
2025-03-08 09:16:02:INFO:Epoch 988/1500 completed.
2025-03-08 09:16:02:INFO:Epoch 989/1500 completed.
2025-03-08 09:16:02:INFO:Epoch 990/1500 completed.
2025-03-08 09:16:02:INFO:Epoch 991/1500 completed.
2025-03-08 09:16:02:INFO:Epoch 992/1500 completed.
2025-03-08 09:16:02:INFO:Epoch 993/1500 completed.
2025-03-08 09:16:02:INFO:Epoch 994/1500 completed.
2025-03-08 09:16:02:INFO:Epoch 995/1500 completed.
2025-03-08 09:16:02:INFO:Epoch 996/1500 completed.
2025-03-08 09:16:02:INFO:Epoch 997/1500 completed.
2025-03-08 09:16:02:INFO:Epoch 998/1500 completed.
2025-03-08 09:16:02:INFO:Epoch 999/1500 completed.
2025-03-08 09:16:02:INFO:Epoch 1000/1500 completed.
2025-03-08 09:16:02:INFO:Epoch 1001/1500 completed.
2025-03-08 09:16:02:INFO:Epoch 1002/1500 completed.
2025-03-08 09:16:02:INFO:Epoch 1003/1500 completed.
2025-03-08 09:16:02:INFO:Epoch 1004/1500 completed.
2025-03-08 09:16:02:INFO:Epoch 1005/1500 completed.
2025-03-08 09:16:02:INFO:Epoch 1006/1500 completed.
2025-03-08 09:16:02:INFO:Epoch 1007/1500 completed.
2025-03-08 09:16:02:INFO:Epoch 1008/1500 completed.
2025-03-08 09:16:02:INFO:Epoch 1009/1500 completed.
2025-03-08 09:16:02:INFO:Epoch 1010/1500 completed.
2025-03-08 09:16:02:INFO:Epoch 1011/1500 completed.
2025-03-08 09:16:02:INFO:Epoch 1012/1500 completed.
2025-03-08 09:16:02:INFO:Epoch 1013/1500 completed.
2025-03-08 09:16:02:INFO:Epoch 1014/1500 completed.
2025-03-08 09:16:02:INFO:Epoch 1015/1500 completed.
2025-03-08 09:16:02:INFO:Epoch 1016/1500 completed.
2025-03-08 09:16:02:INFO:Epoch 1017/1500 completed.
2025-03-08 09:16:02:INFO:Epoch 1018/1500 completed.
2025-03-08 09:16:02:INFO:Epoch 1019/1500 completed.
2025-03-08 09:16:02:INFO:Epoch 1020/1500 completed.
2025-03-08 09:16:02:INFO:Epoch 1021/1500 completed.
2025-03-08 09:16:02:INFO:Epoch 1022/1500 completed.
2025-03-08 09:16:02:INFO:Epoch 1023/1500 completed.
2025-03-08 09:16:02:INFO:Epoch 1024/1500 completed.
2025-03-08 09:16:02:INFO:Epoch 1025/1500 completed.
2025-03-08 09:16:02:INFO:Epoch 1026/1500 completed.
2025-03-08 09:16:02:INFO:Epoch 1027/1500 completed.
2025-03-08 09:16:02:INFO:Epoch 1028/1500 completed.
2025-03-08 09:16:02:INFO:Epoch 1029/1500 completed.
2025-03-08 09:16:02:INFO:Epoch 1030/1500 completed.
2025-03-08 09:16:02:INFO:Epoch 1031/1500 completed.
2025-03-08 09:16:02:INFO:Epoch 1032/1500 completed.
2025-03-08 09:16:02:INFO:Epoch 1033/1500 completed.
2025-03-08 09:16:02:INFO:Epoch 1034/1500 completed.
2025-03-08 09:16:02:INFO:Epoch 1035/1500 completed.
2025-03-08 09:16:02:INFO:Epoch 1036/1500 completed.
2025-03-08 09:16:02:INFO:Epoch 1037/1500 completed.
2025-03-08 09:16:02:INFO:Epoch 1038/1500 completed.
2025-03-08 09:16:02:INFO:Epoch 1039/1500 completed.
2025-03-08 09:16:02:INFO:Epoch 1040/1500 completed.
2025-03-08 09:16:02:INFO:Epoch 1041/1500 completed.
2025-03-08 09:16:02:INFO:Epoch 1042/1500 completed.
2025-03-08 09:16:02:INFO:Epoch 1043/1500 completed.
2025-03-08 09:16:02:INFO:Epoch 1044/1500 completed.
2025-03-08 09:16:02:INFO:Epoch 1045/1500 completed.
2025-03-08 09:16:02:INFO:Epoch 1046/1500 completed.
2025-03-08 09:16:02:INFO:Epoch 1047/1500 completed.
2025-03-08 09:16:02:INFO:Epoch 1048/1500 completed.
2025-03-08 09:16:02:INFO:Epoch 1049/1500 completed.
2025-03-08 09:16:02:INFO:Epoch 1050/1500 completed.
2025-03-08 09:16:02:INFO:Epoch 1051/1500 completed.
2025-03-08 09:16:02:INFO:Epoch 1052/1500 completed.
2025-03-08 09:16:02:INFO:Epoch 1053/1500 completed.
2025-03-08 09:16:02:INFO:Epoch 1054/1500 completed.
2025-03-08 09:16:02:INFO:Epoch 1055/1500 completed.
2025-03-08 09:16:02:INFO:Epoch 1056/1500 completed.
2025-03-08 09:16:02:INFO:Epoch 1057/1500 completed.
2025-03-08 09:16:02:INFO:Epoch 1058/1500 completed.
2025-03-08 09:16:02:INFO:Epoch 1059/1500 completed.
2025-03-08 09:16:02:INFO:Epoch 1060/1500 completed.
2025-03-08 09:16:02:INFO:Epoch 1061/1500 completed.
2025-03-08 09:16:02:INFO:Epoch 1062/1500 completed.
2025-03-08 09:16:02:INFO:Epoch 1063/1500 completed.
2025-03-08 09:16:02:INFO:Epoch 1064/1500 completed.
2025-03-08 09:16:02:INFO:Epoch 1065/1500 completed.
2025-03-08 09:16:02:INFO:Epoch 1066/1500 completed.
2025-03-08 09:16:02:INFO:Epoch 1067/1500 completed.
2025-03-08 09:16:02:INFO:Epoch 1068/1500 completed.
2025-03-08 09:16:02:INFO:Epoch 1069/1500 completed.
2025-03-08 09:16:02:INFO:Epoch 1070/1500 completed.
2025-03-08 09:16:02:INFO:Epoch 1071/1500 completed.
2025-03-08 09:16:02:INFO:Epoch 1072/1500 completed.
2025-03-08 09:16:02:INFO:Epoch 1073/1500 completed.
2025-03-08 09:16:02:INFO:Epoch 1074/1500 completed.
2025-03-08 09:16:02:INFO:Epoch 1075/1500 completed.
2025-03-08 09:16:02:INFO:Epoch 1076/1500 completed.
2025-03-08 09:16:02:INFO:Epoch 1077/1500 completed.
2025-03-08 09:16:02:INFO:Epoch 1078/1500 completed.
2025-03-08 09:16:02:INFO:Epoch 1079/1500 completed.
2025-03-08 09:16:02:INFO:Epoch 1080/1500 completed.
2025-03-08 09:16:02:INFO:Epoch 1081/1500 completed.
2025-03-08 09:16:02:INFO:Epoch 1082/1500 completed.
2025-03-08 09:16:02:INFO:Epoch 1083/1500 completed.
2025-03-08 09:16:02:INFO:Epoch 1084/1500 completed.
2025-03-08 09:16:02:INFO:Epoch 1085/1500 completed.
2025-03-08 09:16:02:INFO:Epoch 1086/1500 completed.
2025-03-08 09:16:02:INFO:Epoch 1087/1500 completed.
2025-03-08 09:16:02:INFO:Epoch 1088/1500 completed.
2025-03-08 09:16:02:INFO:Epoch 1089/1500 completed.
2025-03-08 09:16:02:INFO:Epoch 1090/1500 completed.
2025-03-08 09:16:02:INFO:Epoch 1091/1500 completed.
2025-03-08 09:16:02:INFO:Epoch 1092/1500 completed.
2025-03-08 09:16:02:INFO:Epoch 1093/1500 completed.
2025-03-08 09:16:02:INFO:Epoch 1094/1500 completed.
2025-03-08 09:16:02:INFO:Epoch 1095/1500 completed.
2025-03-08 09:16:02:INFO:Epoch 1096/1500 completed.
2025-03-08 09:16:02:INFO:Epoch 1097/1500 completed.
2025-03-08 09:16:02:INFO:Epoch 1098/1500 completed.
2025-03-08 09:16:02:INFO:Epoch 1099/1500 completed.
2025-03-08 09:16:02:INFO:Epoch 1100/1500 completed.
2025-03-08 09:16:02:INFO:Epoch 1101/1500 completed.
2025-03-08 09:16:02:INFO:Epoch 1102/1500 completed.
2025-03-08 09:16:02:INFO:Epoch 1103/1500 completed.
2025-03-08 09:16:02:INFO:Epoch 1104/1500 completed.
2025-03-08 09:16:02:INFO:Epoch 1105/1500 completed.
2025-03-08 09:16:02:INFO:Epoch 1106/1500 completed.
2025-03-08 09:16:02:INFO:Epoch 1107/1500 completed.
2025-03-08 09:16:02:INFO:Epoch 1108/1500 completed.
2025-03-08 09:16:02:INFO:Epoch 1109/1500 completed.
2025-03-08 09:16:02:INFO:Epoch 1110/1500 completed.
2025-03-08 09:16:02:INFO:Epoch 1111/1500 completed.
2025-03-08 09:16:02:INFO:Epoch 1112/1500 completed.
2025-03-08 09:16:02:INFO:Epoch 1113/1500 completed.
2025-03-08 09:16:02:INFO:Epoch 1114/1500 completed.
2025-03-08 09:16:02:INFO:Epoch 1115/1500 completed.
2025-03-08 09:16:02:INFO:Epoch 1116/1500 completed.
2025-03-08 09:16:02:INFO:Epoch 1117/1500 completed.
2025-03-08 09:16:02:INFO:Epoch 1118/1500 completed.
2025-03-08 09:16:02:INFO:Epoch 1119/1500 completed.
2025-03-08 09:16:02:INFO:Epoch 1120/1500 completed.
2025-03-08 09:16:02:INFO:Epoch 1121/1500 completed.
2025-03-08 09:16:02:INFO:Epoch 1122/1500 completed.
2025-03-08 09:16:02:INFO:Epoch 1123/1500 completed.
2025-03-08 09:16:02:INFO:Epoch 1124/1500 completed.
2025-03-08 09:16:02:INFO:Epoch 1125/1500 completed.
2025-03-08 09:16:02:INFO:Epoch 1126/1500 completed.
2025-03-08 09:16:02:INFO:Epoch 1127/1500 completed.
2025-03-08 09:16:02:INFO:Epoch 1128/1500 completed.
2025-03-08 09:16:02:INFO:Epoch 1129/1500 completed.
2025-03-08 09:16:02:INFO:Epoch 1130/1500 completed.
2025-03-08 09:16:02:INFO:Epoch 1131/1500 completed.
2025-03-08 09:16:02:INFO:Epoch 1132/1500 completed.
2025-03-08 09:16:02:INFO:Epoch 1133/1500 completed.
2025-03-08 09:16:02:INFO:Epoch 1134/1500 completed.
2025-03-08 09:16:02:INFO:Epoch 1135/1500 completed.
2025-03-08 09:16:02:INFO:Epoch 1136/1500 completed.
2025-03-08 09:16:02:INFO:Epoch 1137/1500 completed.
2025-03-08 09:16:02:INFO:Epoch 1138/1500 completed.
2025-03-08 09:16:02:INFO:Epoch 1139/1500 completed.
2025-03-08 09:16:02:INFO:Epoch 1140/1500 completed.
2025-03-08 09:16:02:INFO:Epoch 1141/1500 completed.
2025-03-08 09:16:02:INFO:Epoch 1142/1500 completed.
2025-03-08 09:16:02:INFO:Epoch 1143/1500 completed.
2025-03-08 09:16:02:INFO:Epoch 1144/1500 completed.
2025-03-08 09:16:02:INFO:Epoch 1145/1500 completed.
2025-03-08 09:16:02:INFO:Epoch 1146/1500 completed.
2025-03-08 09:16:02:INFO:Epoch 1147/1500 completed.
2025-03-08 09:16:02:INFO:Epoch 1148/1500 completed.
2025-03-08 09:16:02:INFO:Epoch 1149/1500 completed.
2025-03-08 09:16:02:INFO:Epoch 1150/1500 completed.
2025-03-08 09:16:02:INFO:Epoch 1151/1500 completed.
2025-03-08 09:16:02:INFO:Epoch 1152/1500 completed.
2025-03-08 09:16:02:INFO:Epoch 1153/1500 completed.
2025-03-08 09:16:02:INFO:Epoch 1154/1500 completed.
2025-03-08 09:16:02:INFO:Epoch 1155/1500 completed.
2025-03-08 09:16:02:INFO:Epoch 1156/1500 completed.
2025-03-08 09:16:02:INFO:Epoch 1157/1500 completed.
2025-03-08 09:16:02:INFO:Epoch 1158/1500 completed.
2025-03-08 09:16:02:INFO:Epoch 1159/1500 completed.
2025-03-08 09:16:02:INFO:Epoch 1160/1500 completed.
2025-03-08 09:16:02:INFO:Epoch 1161/1500 completed.
2025-03-08 09:16:02:INFO:Epoch 1162/1500 completed.
2025-03-08 09:16:02:INFO:Epoch 1163/1500 completed.
2025-03-08 09:16:02:INFO:Epoch 1164/1500 completed.
2025-03-08 09:16:02:INFO:Epoch 1165/1500 completed.
2025-03-08 09:16:02:INFO:Epoch 1166/1500 completed.
2025-03-08 09:16:02:INFO:Epoch 1167/1500 completed.
2025-03-08 09:16:02:INFO:Epoch 1168/1500 completed.
2025-03-08 09:16:02:INFO:Epoch 1169/1500 completed.
2025-03-08 09:16:02:INFO:Epoch 1170/1500 completed.
2025-03-08 09:16:02:INFO:Epoch 1171/1500 completed.
2025-03-08 09:16:02:INFO:Epoch 1172/1500 completed.
2025-03-08 09:16:02:INFO:Epoch 1173/1500 completed.
2025-03-08 09:16:02:INFO:Epoch 1174/1500 completed.
2025-03-08 09:16:02:INFO:Epoch 1175/1500 completed.
2025-03-08 09:16:02:INFO:Epoch 1176/1500 completed.
2025-03-08 09:16:02:INFO:Epoch 1177/1500 completed.
2025-03-08 09:16:02:INFO:Epoch 1178/1500 completed.
2025-03-08 09:16:02:INFO:Epoch 1179/1500 completed.
2025-03-08 09:16:02:INFO:Epoch 1180/1500 completed.
2025-03-08 09:16:02:INFO:Epoch 1181/1500 completed.
2025-03-08 09:16:02:INFO:Epoch 1182/1500 completed.
2025-03-08 09:16:02:INFO:Epoch 1183/1500 completed.
2025-03-08 09:16:02:INFO:Epoch 1184/1500 completed.
2025-03-08 09:16:02:INFO:Epoch 1185/1500 completed.
2025-03-08 09:16:02:INFO:Epoch 1186/1500 completed.
2025-03-08 09:16:02:INFO:Epoch 1187/1500 completed.
2025-03-08 09:16:02:INFO:Epoch 1188/1500 completed.
2025-03-08 09:16:02:INFO:Epoch 1189/1500 completed.
2025-03-08 09:16:02:INFO:Epoch 1190/1500 completed.
2025-03-08 09:16:02:INFO:Epoch 1191/1500 completed.
2025-03-08 09:16:02:INFO:Epoch 1192/1500 completed.
2025-03-08 09:16:02:INFO:Epoch 1193/1500 completed.
2025-03-08 09:16:02:INFO:Epoch 1194/1500 completed.
2025-03-08 09:16:02:INFO:Epoch 1195/1500 completed.
2025-03-08 09:16:02:INFO:Epoch 1196/1500 completed.
2025-03-08 09:16:02:INFO:Epoch 1197/1500 completed.
2025-03-08 09:16:02:INFO:Epoch 1198/1500 completed.
2025-03-08 09:16:02:INFO:Epoch 1199/1500 completed.
2025-03-08 09:16:02:INFO:Epoch 1200/1500 completed.
2025-03-08 09:16:02:INFO:Epoch 1201/1500 completed.
2025-03-08 09:16:02:INFO:Epoch 1202/1500 completed.
2025-03-08 09:16:02:INFO:Epoch 1203/1500 completed.
2025-03-08 09:16:02:INFO:Epoch 1204/1500 completed.
2025-03-08 09:16:02:INFO:Epoch 1205/1500 completed.
2025-03-08 09:16:02:INFO:Epoch 1206/1500 completed.
2025-03-08 09:16:02:INFO:Epoch 1207/1500 completed.
2025-03-08 09:16:02:INFO:Epoch 1208/1500 completed.
2025-03-08 09:16:02:INFO:Epoch 1209/1500 completed.
2025-03-08 09:16:02:INFO:Epoch 1210/1500 completed.
2025-03-08 09:16:02:INFO:Epoch 1211/1500 completed.
2025-03-08 09:16:02:INFO:Epoch 1212/1500 completed.
2025-03-08 09:16:02:INFO:Epoch 1213/1500 completed.
2025-03-08 09:16:02:INFO:Epoch 1214/1500 completed.
2025-03-08 09:16:02:INFO:Epoch 1215/1500 completed.
2025-03-08 09:16:02:INFO:Epoch 1216/1500 completed.
2025-03-08 09:16:02:INFO:Epoch 1217/1500 completed.
2025-03-08 09:16:02:INFO:Epoch 1218/1500 completed.
2025-03-08 09:16:02:INFO:Epoch 1219/1500 completed.
2025-03-08 09:16:02:INFO:Epoch 1220/1500 completed.
2025-03-08 09:16:02:INFO:Epoch 1221/1500 completed.
2025-03-08 09:16:02:INFO:Epoch 1222/1500 completed.
2025-03-08 09:16:02:INFO:Epoch 1223/1500 completed.
2025-03-08 09:16:02:INFO:Epoch 1224/1500 completed.
2025-03-08 09:16:02:INFO:Epoch 1225/1500 completed.
2025-03-08 09:16:02:INFO:Epoch 1226/1500 completed.
2025-03-08 09:16:02:INFO:Epoch 1227/1500 completed.
2025-03-08 09:16:02:INFO:Epoch 1228/1500 completed.
2025-03-08 09:16:02:INFO:Epoch 1229/1500 completed.
2025-03-08 09:16:02:INFO:Epoch 1230/1500 completed.
2025-03-08 09:16:02:INFO:Epoch 1231/1500 completed.
2025-03-08 09:16:02:INFO:Epoch 1232/1500 completed.
2025-03-08 09:16:02:INFO:Epoch 1233/1500 completed.
2025-03-08 09:16:02:INFO:Epoch 1234/1500 completed.
2025-03-08 09:16:02:INFO:Epoch 1235/1500 completed.
2025-03-08 09:16:02:INFO:Epoch 1236/1500 completed.
2025-03-08 09:16:02:INFO:Epoch 1237/1500 completed.
2025-03-08 09:16:02:INFO:Epoch 1238/1500 completed.
2025-03-08 09:16:02:INFO:Epoch 1239/1500 completed.
2025-03-08 09:16:02:INFO:Epoch 1240/1500 completed.
2025-03-08 09:16:02:INFO:Epoch 1241/1500 completed.
2025-03-08 09:16:02:INFO:Epoch 1242/1500 completed.
2025-03-08 09:16:02:INFO:Epoch 1243/1500 completed.
2025-03-08 09:16:02:INFO:Epoch 1244/1500 completed.
2025-03-08 09:16:02:INFO:Epoch 1245/1500 completed.
2025-03-08 09:16:02:INFO:Epoch 1246/1500 completed.
2025-03-08 09:16:02:INFO:Epoch 1247/1500 completed.
2025-03-08 09:16:02:INFO:Epoch 1248/1500 completed.
2025-03-08 09:16:02:INFO:Epoch 1249/1500 completed.
2025-03-08 09:16:02:INFO:Epoch 1250/1500 completed.
2025-03-08 09:16:02:INFO:Epoch 1251/1500 completed.
2025-03-08 09:16:02:INFO:Epoch 1252/1500 completed.
2025-03-08 09:16:02:INFO:Epoch 1253/1500 completed.
2025-03-08 09:16:02:INFO:Epoch 1254/1500 completed.
2025-03-08 09:16:02:INFO:Epoch 1255/1500 completed.
2025-03-08 09:16:02:INFO:Epoch 1256/1500 completed.
2025-03-08 09:16:02:INFO:Epoch 1257/1500 completed.
2025-03-08 09:16:02:INFO:Epoch 1258/1500 completed.
2025-03-08 09:16:02:INFO:Epoch 1259/1500 completed.
2025-03-08 09:16:02:INFO:Epoch 1260/1500 completed.
2025-03-08 09:16:02:INFO:Epoch 1261/1500 completed.
2025-03-08 09:16:02:INFO:Epoch 1262/1500 completed.
2025-03-08 09:16:02:INFO:Epoch 1263/1500 completed.
2025-03-08 09:16:02:INFO:Epoch 1264/1500 completed.
2025-03-08 09:16:02:INFO:Epoch 1265/1500 completed.
2025-03-08 09:16:02:INFO:Epoch 1266/1500 completed.
2025-03-08 09:16:02:INFO:Epoch 1267/1500 completed.
2025-03-08 09:16:02:INFO:Epoch 1268/1500 completed.
2025-03-08 09:16:02:INFO:Epoch 1269/1500 completed.
2025-03-08 09:16:02:INFO:Epoch 1270/1500 completed.
2025-03-08 09:16:02:INFO:Epoch 1271/1500 completed.
2025-03-08 09:16:02:INFO:Epoch 1272/1500 completed.
2025-03-08 09:16:02:INFO:Epoch 1273/1500 completed.
2025-03-08 09:16:02:INFO:Epoch 1274/1500 completed.
2025-03-08 09:16:02:INFO:Epoch 1275/1500 completed.
2025-03-08 09:16:02:INFO:Epoch 1276/1500 completed.
2025-03-08 09:16:02:INFO:Epoch 1277/1500 completed.
2025-03-08 09:16:02:INFO:Epoch 1278/1500 completed.
2025-03-08 09:16:02:INFO:Epoch 1279/1500 completed.
2025-03-08 09:16:02:INFO:Epoch 1280/1500 completed.
2025-03-08 09:16:02:INFO:Epoch 1281/1500 completed.
2025-03-08 09:16:02:INFO:Epoch 1282/1500 completed.
2025-03-08 09:16:02:INFO:Epoch 1283/1500 completed.
2025-03-08 09:16:02:INFO:Epoch 1284/1500 completed.
2025-03-08 09:16:02:INFO:Epoch 1285/1500 completed.
2025-03-08 09:16:02:INFO:Epoch 1286/1500 completed.
2025-03-08 09:16:02:INFO:Epoch 1287/1500 completed.
2025-03-08 09:16:02:INFO:Epoch 1288/1500 completed.
2025-03-08 09:16:02:INFO:Epoch 1289/1500 completed.
2025-03-08 09:16:02:INFO:Epoch 1290/1500 completed.
2025-03-08 09:16:02:INFO:Epoch 1291/1500 completed.
2025-03-08 09:16:02:INFO:Epoch 1292/1500 completed.
2025-03-08 09:16:02:INFO:Epoch 1293/1500 completed.
2025-03-08 09:16:02:INFO:Epoch 1294/1500 completed.
2025-03-08 09:16:02:INFO:Epoch 1295/1500 completed.
2025-03-08 09:16:02:INFO:Epoch 1296/1500 completed.
2025-03-08 09:16:02:INFO:Epoch 1297/1500 completed.
2025-03-08 09:16:02:INFO:Epoch 1298/1500 completed.
2025-03-08 09:16:02:INFO:Epoch 1299/1500 completed.
2025-03-08 09:16:02:INFO:Epoch 1300/1500 completed.
2025-03-08 09:16:02:INFO:Epoch 1301/1500 completed.
2025-03-08 09:16:02:INFO:Epoch 1302/1500 completed.
2025-03-08 09:16:02:INFO:Epoch 1303/1500 completed.
2025-03-08 09:16:02:INFO:Epoch 1304/1500 completed.
2025-03-08 09:16:02:INFO:Epoch 1305/1500 completed.
2025-03-08 09:16:02:INFO:Epoch 1306/1500 completed.
2025-03-08 09:16:02:INFO:Epoch 1307/1500 completed.
2025-03-08 09:16:02:INFO:Epoch 1308/1500 completed.
2025-03-08 09:16:02:INFO:Epoch 1309/1500 completed.
2025-03-08 09:16:02:INFO:Epoch 1310/1500 completed.
2025-03-08 09:16:02:INFO:Epoch 1311/1500 completed.
2025-03-08 09:16:02:INFO:Epoch 1312/1500 completed.
2025-03-08 09:16:02:INFO:Epoch 1313/1500 completed.
2025-03-08 09:16:02:INFO:Epoch 1314/1500 completed.
2025-03-08 09:16:02:INFO:Epoch 1315/1500 completed.
2025-03-08 09:16:02:INFO:Epoch 1316/1500 completed.
2025-03-08 09:16:02:INFO:Epoch 1317/1500 completed.
2025-03-08 09:16:02:INFO:Epoch 1318/1500 completed.
2025-03-08 09:16:02:INFO:Epoch 1319/1500 completed.
2025-03-08 09:16:02:INFO:Epoch 1320/1500 completed.
2025-03-08 09:16:02:INFO:Epoch 1321/1500 completed.
2025-03-08 09:16:02:INFO:Epoch 1322/1500 completed.
2025-03-08 09:16:02:INFO:Epoch 1323/1500 completed.
2025-03-08 09:16:02:INFO:Epoch 1324/1500 completed.
2025-03-08 09:16:02:INFO:Epoch 1325/1500 completed.
2025-03-08 09:16:02:INFO:Epoch 1326/1500 completed.
2025-03-08 09:16:02:INFO:Epoch 1327/1500 completed.
2025-03-08 09:16:02:INFO:Epoch 1328/1500 completed.
2025-03-08 09:16:02:INFO:Epoch 1329/1500 completed.
2025-03-08 09:16:02:INFO:Epoch 1330/1500 completed.
2025-03-08 09:16:02:INFO:Epoch 1331/1500 completed.
2025-03-08 09:16:02:INFO:Epoch 1332/1500 completed.
2025-03-08 09:16:02:INFO:Epoch 1333/1500 completed.
2025-03-08 09:16:02:INFO:Epoch 1334/1500 completed.
2025-03-08 09:16:02:INFO:Epoch 1335/1500 completed.
2025-03-08 09:16:02:INFO:Epoch 1336/1500 completed.
2025-03-08 09:16:02:INFO:Epoch 1337/1500 completed.
2025-03-08 09:16:02:INFO:Epoch 1338/1500 completed.
2025-03-08 09:16:02:INFO:Epoch 1339/1500 completed.
2025-03-08 09:16:02:INFO:Epoch 1340/1500 completed.
2025-03-08 09:16:02:INFO:Epoch 1341/1500 completed.
2025-03-08 09:16:02:INFO:Epoch 1342/1500 completed.
2025-03-08 09:16:02:INFO:Epoch 1343/1500 completed.
2025-03-08 09:16:02:INFO:Epoch 1344/1500 completed.
2025-03-08 09:16:02:INFO:Epoch 1345/1500 completed.
2025-03-08 09:16:02:INFO:Epoch 1346/1500 completed.
2025-03-08 09:16:02:INFO:Epoch 1347/1500 completed.
2025-03-08 09:16:02:INFO:Epoch 1348/1500 completed.
2025-03-08 09:16:02:INFO:Epoch 1349/1500 completed.
2025-03-08 09:16:02:INFO:Epoch 1350/1500 completed.
2025-03-08 09:16:02:INFO:Epoch 1351/1500 completed.
2025-03-08 09:16:02:INFO:Epoch 1352/1500 completed.
2025-03-08 09:16:02:INFO:Epoch 1353/1500 completed.
2025-03-08 09:16:02:INFO:Epoch 1354/1500 completed.
2025-03-08 09:16:02:INFO:Epoch 1355/1500 completed.
2025-03-08 09:16:02:INFO:Epoch 1356/1500 completed.
2025-03-08 09:16:02:INFO:Epoch 1357/1500 completed.
2025-03-08 09:16:02:INFO:Epoch 1358/1500 completed.
2025-03-08 09:16:02:INFO:Epoch 1359/1500 completed.
2025-03-08 09:16:02:INFO:Epoch 1360/1500 completed.
2025-03-08 09:16:02:INFO:Epoch 1361/1500 completed.
2025-03-08 09:16:02:INFO:Epoch 1362/1500 completed.
2025-03-08 09:16:02:INFO:Epoch 1363/1500 completed.
2025-03-08 09:16:02:INFO:Epoch 1364/1500 completed.
2025-03-08 09:16:02:INFO:Epoch 1365/1500 completed.
2025-03-08 09:16:02:INFO:Epoch 1366/1500 completed.
2025-03-08 09:16:02:INFO:Epoch 1367/1500 completed.
2025-03-08 09:16:02:INFO:Epoch 1368/1500 completed.
2025-03-08 09:16:02:INFO:Epoch 1369/1500 completed.
2025-03-08 09:16:02:INFO:Epoch 1370/1500 completed.
2025-03-08 09:16:02:INFO:Epoch 1371/1500 completed.
2025-03-08 09:16:02:INFO:Epoch 1372/1500 completed.
2025-03-08 09:16:02:INFO:Epoch 1373/1500 completed.
2025-03-08 09:16:02:INFO:Epoch 1374/1500 completed.
2025-03-08 09:16:02:INFO:Epoch 1375/1500 completed.
2025-03-08 09:16:02:INFO:Epoch 1376/1500 completed.
2025-03-08 09:16:02:INFO:Epoch 1377/1500 completed.
2025-03-08 09:16:02:INFO:Epoch 1378/1500 completed.
2025-03-08 09:16:02:INFO:Epoch 1379/1500 completed.
2025-03-08 09:16:02:INFO:Epoch 1380/1500 completed.
2025-03-08 09:16:02:INFO:Epoch 1381/1500 completed.
2025-03-08 09:16:02:INFO:Epoch 1382/1500 completed.
2025-03-08 09:16:02:INFO:Epoch 1383/1500 completed.
2025-03-08 09:16:02:INFO:Epoch 1384/1500 completed.
2025-03-08 09:16:02:INFO:Epoch 1385/1500 completed.
2025-03-08 09:16:02:INFO:Epoch 1386/1500 completed.
2025-03-08 09:16:02:INFO:Epoch 1387/1500 completed.
2025-03-08 09:16:02:INFO:Epoch 1388/1500 completed.
2025-03-08 09:16:02:INFO:Epoch 1389/1500 completed.
2025-03-08 09:16:02:INFO:Epoch 1390/1500 completed.
2025-03-08 09:16:02:INFO:Epoch 1391/1500 completed.
2025-03-08 09:16:02:INFO:Epoch 1392/1500 completed.
2025-03-08 09:16:02:INFO:Epoch 1393/1500 completed.
2025-03-08 09:16:02:INFO:Epoch 1394/1500 completed.
2025-03-08 09:16:02:INFO:Epoch 1395/1500 completed.
2025-03-08 09:16:02:INFO:Epoch 1396/1500 completed.
2025-03-08 09:16:02:INFO:Epoch 1397/1500 completed.
2025-03-08 09:16:02:INFO:Epoch 1398/1500 completed.
2025-03-08 09:16:02:INFO:Epoch 1399/1500 completed.
2025-03-08 09:16:02:INFO:Epoch 1400/1500 completed.
2025-03-08 09:16:02:INFO:Epoch 1401/1500 completed.
2025-03-08 09:16:02:INFO:Epoch 1402/1500 completed.
2025-03-08 09:16:02:INFO:Epoch 1403/1500 completed.
2025-03-08 09:16:02:INFO:Epoch 1404/1500 completed.
2025-03-08 09:16:02:INFO:Epoch 1405/1500 completed.
2025-03-08 09:16:02:INFO:Epoch 1406/1500 completed.
2025-03-08 09:16:02:INFO:Epoch 1407/1500 completed.
2025-03-08 09:16:02:INFO:Epoch 1408/1500 completed.
2025-03-08 09:16:02:INFO:Epoch 1409/1500 completed.
2025-03-08 09:16:02:INFO:Epoch 1410/1500 completed.
2025-03-08 09:16:02:INFO:Epoch 1411/1500 completed.
2025-03-08 09:16:02:INFO:Epoch 1412/1500 completed.
2025-03-08 09:16:02:INFO:Epoch 1413/1500 completed.
2025-03-08 09:16:02:INFO:Epoch 1414/1500 completed.
2025-03-08 09:16:02:INFO:Epoch 1415/1500 completed.
2025-03-08 09:16:02:INFO:Epoch 1416/1500 completed.
2025-03-08 09:16:02:INFO:Epoch 1417/1500 completed.
2025-03-08 09:16:02:INFO:Epoch 1418/1500 completed.
2025-03-08 09:16:02:INFO:Epoch 1419/1500 completed.
2025-03-08 09:16:02:INFO:Epoch 1420/1500 completed.
2025-03-08 09:16:02:INFO:Epoch 1421/1500 completed.
2025-03-08 09:16:02:INFO:Epoch 1422/1500 completed.
2025-03-08 09:16:02:INFO:Epoch 1423/1500 completed.
2025-03-08 09:16:02:INFO:Epoch 1424/1500 completed.
2025-03-08 09:16:02:INFO:Epoch 1425/1500 completed.
2025-03-08 09:16:02:INFO:Epoch 1426/1500 completed.
2025-03-08 09:16:02:INFO:Epoch 1427/1500 completed.
2025-03-08 09:16:02:INFO:Epoch 1428/1500 completed.
2025-03-08 09:16:02:INFO:Epoch 1429/1500 completed.
2025-03-08 09:16:02:INFO:Epoch 1430/1500 completed.
2025-03-08 09:16:02:INFO:Epoch 1431/1500 completed.
2025-03-08 09:16:02:INFO:Epoch 1432/1500 completed.
2025-03-08 09:16:02:INFO:Epoch 1433/1500 completed.
2025-03-08 09:16:02:INFO:Epoch 1434/1500 completed.
2025-03-08 09:16:02:INFO:Epoch 1435/1500 completed.
2025-03-08 09:16:02:INFO:Epoch 1436/1500 completed.
2025-03-08 09:16:02:INFO:Epoch 1437/1500 completed.
2025-03-08 09:16:02:INFO:Epoch 1438/1500 completed.
2025-03-08 09:16:02:INFO:Epoch 1439/1500 completed.
2025-03-08 09:16:02:INFO:Epoch 1440/1500 completed.
2025-03-08 09:16:02:INFO:Epoch 1441/1500 completed.
2025-03-08 09:16:02:INFO:Epoch 1442/1500 completed.
2025-03-08 09:16:02:INFO:Epoch 1443/1500 completed.
2025-03-08 09:16:02:INFO:Epoch 1444/1500 completed.
2025-03-08 09:16:02:INFO:Epoch 1445/1500 completed.
2025-03-08 09:16:02:INFO:Epoch 1446/1500 completed.
2025-03-08 09:16:02:INFO:Epoch 1447/1500 completed.
2025-03-08 09:16:02:INFO:Epoch 1448/1500 completed.
2025-03-08 09:16:02:INFO:Epoch 1449/1500 completed.
2025-03-08 09:16:02:INFO:Epoch 1450/1500 completed.
2025-03-08 09:16:02:INFO:Epoch 1451/1500 completed.
2025-03-08 09:16:02:INFO:Epoch 1452/1500 completed.
2025-03-08 09:16:02:INFO:Epoch 1453/1500 completed.
2025-03-08 09:16:02:INFO:Epoch 1454/1500 completed.
2025-03-08 09:16:02:INFO:Epoch 1455/1500 completed.
2025-03-08 09:16:02:INFO:Epoch 1456/1500 completed.
2025-03-08 09:16:02:INFO:Epoch 1457/1500 completed.
2025-03-08 09:16:02:INFO:Epoch 1458/1500 completed.
2025-03-08 09:16:02:INFO:Epoch 1459/1500 completed.
2025-03-08 09:16:02:INFO:Epoch 1460/1500 completed.
2025-03-08 09:16:02:INFO:Epoch 1461/1500 completed.
2025-03-08 09:16:02:INFO:Epoch 1462/1500 completed.
2025-03-08 09:16:02:INFO:Epoch 1463/1500 completed.
2025-03-08 09:16:02:INFO:Epoch 1464/1500 completed.
2025-03-08 09:16:02:INFO:Epoch 1465/1500 completed.
2025-03-08 09:16:02:INFO:Epoch 1466/1500 completed.
2025-03-08 09:16:02:INFO:Epoch 1467/1500 completed.
2025-03-08 09:16:02:INFO:Epoch 1468/1500 completed.
2025-03-08 09:16:02:INFO:Epoch 1469/1500 completed.
2025-03-08 09:16:02:INFO:Epoch 1470/1500 completed.
2025-03-08 09:16:02:INFO:Epoch 1471/1500 completed.
2025-03-08 09:16:02:INFO:Epoch 1472/1500 completed.
2025-03-08 09:16:02:INFO:Epoch 1473/1500 completed.
2025-03-08 09:16:02:INFO:Epoch 1474/1500 completed.
2025-03-08 09:16:02:INFO:Epoch 1475/1500 completed.
2025-03-08 09:16:02:INFO:Epoch 1476/1500 completed.
2025-03-08 09:16:02:INFO:Epoch 1477/1500 completed.
2025-03-08 09:16:02:INFO:Epoch 1478/1500 completed.
2025-03-08 09:16:02:INFO:Epoch 1479/1500 completed.
2025-03-08 09:16:02:INFO:Epoch 1480/1500 completed.
2025-03-08 09:16:02:INFO:Epoch 1481/1500 completed.
2025-03-08 09:16:02:INFO:Epoch 1482/1500 completed.
2025-03-08 09:16:02:INFO:Epoch 1483/1500 completed.
2025-03-08 09:16:02:INFO:Epoch 1484/1500 completed.
2025-03-08 09:16:02:INFO:Epoch 1485/1500 completed.
2025-03-08 09:16:02:INFO:Epoch 1486/1500 completed.
2025-03-08 09:16:02:INFO:Epoch 1487/1500 completed.
2025-03-08 09:16:02:INFO:Epoch 1488/1500 completed.
2025-03-08 09:16:02:INFO:Epoch 1489/1500 completed.
2025-03-08 09:16:02:INFO:Epoch 1490/1500 completed.
2025-03-08 09:16:02:INFO:Epoch 1491/1500 completed.
2025-03-08 09:16:02:INFO:Epoch 1492/1500 completed.
2025-03-08 09:16:02:INFO:Epoch 1493/1500 completed.
2025-03-08 09:16:02:INFO:Epoch 1494/1500 completed.
2025-03-08 09:16:02:INFO:Epoch 1495/1500 completed.
2025-03-08 09:16:02:INFO:Epoch 1496/1500 completed.
2025-03-08 09:16:02:INFO:Epoch 1497/1500 completed.
2025-03-08 09:16:02:INFO:Epoch 1498/1500 completed.
2025-03-08 09:16:02:INFO:Epoch 1499/1500 completed.
2025-03-08 09:16:02:INFO:Epoch 1500/1500 completed.
